Copyright 1986-2018 Xilinx, Inc. All Rights Reserved.
----------------------------------------------------------------------------------------------------------------------------------------------------------------
| Tool Version     : Vivado v.2018.2 (win64) Build 2258646 Thu Jun 14 20:03:12 MDT 2018
| Date             : Mon May 31 20:21:30 2021
| Host             : LAPTOP-0AJMO88D running 64-bit major release  (build 9200)
| Command          : report_power -file system_wrapper_power_routed.rpt -pb system_wrapper_power_summary_routed.pb -rpx system_wrapper_power_routed.rpx
| Design           : system_wrapper
| Device           : xc7z020clg400-2
| Design State     : routed
| Grade            : commercial
| Process          : typical
| Characterization : Production
----------------------------------------------------------------------------------------------------------------------------------------------------------------

Power Report

Table of Contents
-----------------
1. Summary
1.1 On-Chip Components
1.2 Power Supply Summary
1.3 Confidence Level
2. Settings
2.1 Environment
2.2 Clock Constraints
3. Detailed Reports
3.1 By Hierarchy

1. Summary
----------

+--------------------------+--------------+
| Total On-Chip Power (W)  | 1.891        |
| Design Power Budget (W)  | Unspecified* |
| Power Budget Margin (W)  | NA           |
| Dynamic (W)              | 1.744        |
| Device Static (W)        | 0.147        |
| Effective TJA (C/W)      | 11.5         |
| Max Ambient (C)          | 63.2         |
| Junction Temperature (C) | 46.8         |
| Confidence Level         | Medium       |
| Setting File             | ---          |
| Simulation Activity File | ---          |
| Design Nets Matched      | NA           |
+--------------------------+--------------+
* Specify Design Power Budget using, set_operating_conditions -design_power_budget <value in Watts>


1.1 On-Chip Components
----------------------

+-------------------------+-----------+----------+-----------+-----------------+
| On-Chip                 | Power (W) | Used     | Available | Utilization (%) |
+-------------------------+-----------+----------+-----------+-----------------+
| Clocks                  |     0.042 |        3 |       --- |             --- |
| Slice Logic             |     0.058 |    45364 |       --- |             --- |
|   LUT as Logic          |     0.053 |    16561 |     53200 |           31.13 |
|   Register              |     0.004 |    21672 |    106400 |           20.37 |
|   CARRY4                |     0.001 |      673 |     13300 |            5.06 |
|   F7/F8 Muxes           |    <0.001 |      426 |     53200 |            0.80 |
|   LUT as Shift Register |    <0.001 |      129 |     17400 |            0.74 |
|   Others                |     0.000 |     1185 |       --- |             --- |
| Signals                 |     0.069 |    34879 |       --- |             --- |
| Block RAM               |     0.001 |        2 |       140 |            1.43 |
| I/O                     |     0.000 |        4 |       125 |            3.20 |
| PS7                     |     1.573 |        1 |       --- |             --- |
| Static Power            |     0.147 |          |           |                 |
| Total                   |     1.891 |          |           |                 |
+-------------------------+-----------+----------+-----------+-----------------+


1.2 Power Supply Summary
------------------------

+-----------+-------------+-----------+-------------+------------+
| Source    | Voltage (V) | Total (A) | Dynamic (A) | Static (A) |
+-----------+-------------+-----------+-------------+------------+
| Vccint    |       1.000 |     0.187 |       0.171 |      0.016 |
| Vccaux    |       1.800 |     0.016 |       0.000 |      0.016 |
| Vcco33    |       3.300 |     0.000 |       0.000 |      0.000 |
| Vcco25    |       2.500 |     0.000 |       0.000 |      0.000 |
| Vcco18    |       1.800 |     0.000 |       0.000 |      0.000 |
| Vcco15    |       1.500 |     0.000 |       0.000 |      0.000 |
| Vcco135   |       1.350 |     0.000 |       0.000 |      0.000 |
| Vcco12    |       1.200 |     0.000 |       0.000 |      0.000 |
| Vccaux_io |       1.800 |     0.000 |       0.000 |      0.000 |
| Vccbram   |       1.000 |     0.001 |       0.000 |      0.001 |
| MGTAVcc   |       1.000 |     0.000 |       0.000 |      0.000 |
| MGTAVtt   |       1.200 |     0.000 |       0.000 |      0.000 |
| MGTVccaux |       1.800 |     0.000 |       0.000 |      0.000 |
| Vccpint   |       1.000 |     0.750 |       0.717 |      0.033 |
| Vccpaux   |       1.800 |     0.085 |       0.075 |      0.010 |
| Vccpll    |       1.800 |     0.017 |       0.014 |      0.003 |
| Vcco_ddr  |       1.500 |     0.459 |       0.457 |      0.002 |
| Vcco_mio0 |       3.300 |     0.003 |       0.002 |      0.001 |
| Vcco_mio1 |       1.800 |     0.004 |       0.003 |      0.001 |
| Vccadc    |       1.800 |     0.020 |       0.000 |      0.020 |
+-----------+-------------+-----------+-------------+------------+


1.3 Confidence Level
--------------------

+-----------------------------+------------+------------------------------------------------+------------------------------------------------------------------------------------------------------------+
| User Input Data             | Confidence | Details                                        | Action                                                                                                     |
+-----------------------------+------------+------------------------------------------------+------------------------------------------------------------------------------------------------------------+
| Design implementation state | High       | Design is routed                               |                                                                                                            |
| Clock nodes activity        | High       | User specified more than 95% of clocks         |                                                                                                            |
| I/O nodes activity          | High       | User specified more than 95% of inputs         |                                                                                                            |
| Internal nodes activity     | Medium     | User specified less than 25% of internal nodes | Provide missing internal nodes activity with simulation results or by editing the "By Resource Type" views |
| Device models               | High       | Device models are Production                   |                                                                                                            |
|                             |            |                                                |                                                                                                            |
| Overall confidence level    | Medium     |                                                |                                                                                                            |
+-----------------------------+------------+------------------------------------------------+------------------------------------------------------------------------------------------------------------+


2. Settings
-----------

2.1 Environment
---------------

+-----------------------+------------------------+
| Ambient Temp (C)      | 25.0                   |
| ThetaJA (C/W)         | 11.5                   |
| Airflow (LFM)         | 250                    |
| Heat Sink             | none                   |
| ThetaSA (C/W)         | 0.0                    |
| Board Selection       | medium (10"x10")       |
| # of Board Layers     | 8to11 (8 to 11 Layers) |
| Board Temperature (C) | 25.0                   |
+-----------------------+------------------------+


2.2 Clock Constraints
---------------------

+------------+-----------------------------------------------------------+-----------------+
| Clock      | Domain                                                    | Constraint (ns) |
+------------+-----------------------------------------------------------+-----------------+
| clk_fpga_0 | system_i/processing_system7_0/inst/FCLK_CLK_unbuffered[0] |            20.0 |
+------------+-----------------------------------------------------------+-----------------+


3. Detailed Reports
-------------------

3.1 By Hierarchy
----------------

+-----------------------------------------------------------------+-----------+
| Name                                                            | Power (W) |
+-----------------------------------------------------------------+-----------+
| system_wrapper                                                  |     1.744 |
|   system_i                                                      |     1.744 |
|     BPDecodeBRAM_0                                              |     0.148 |
|       inst                                                      |     0.148 |
|         BPDecodeBRAM_v2_0_S00_AXI_inst                          |     0.148 |
|           bp_16_8out                                            |     0.015 |
|             bp_2[0].fun                                         |     0.002 |
|               add1                                              |    <0.001 |
|               add2                                              |    <0.001 |
|               add3                                              |    <0.001 |
|               f1                                                |    <0.001 |
|               f2                                                |    <0.001 |
|               f3                                                |    <0.001 |
|             bp_2[10].fun                                        |     0.001 |
|               add1                                              |    <0.001 |
|               add2                                              |    <0.001 |
|               add3                                              |    <0.001 |
|               f1                                                |    <0.001 |
|               f2                                                |    <0.001 |
|               f3                                                |    <0.001 |
|             bp_2[12].fun                                        |     0.001 |
|               add1                                              |    <0.001 |
|               add2                                              |    <0.001 |
|               add3                                              |    <0.001 |
|               f1                                                |    <0.001 |
|               f2                                                |    <0.001 |
|               f3                                                |    <0.001 |
|             bp_2[14].fun                                        |     0.001 |
|               add1                                              |    <0.001 |
|               add2                                              |    <0.001 |
|               add3                                              |    <0.001 |
|               f1                                                |    <0.001 |
|               f2                                                |    <0.001 |
|               f3                                                |    <0.001 |
|             bp_2[2].fun                                         |     0.002 |
|               add1                                              |    <0.001 |
|               add2                                              |    <0.001 |
|               add3                                              |    <0.001 |
|               f1                                                |    <0.001 |
|               f2                                                |    <0.001 |
|               f3                                                |    <0.001 |
|             bp_2[4].fun                                         |     0.002 |
|               add1                                              |    <0.001 |
|               add2                                              |    <0.001 |
|               add3                                              |    <0.001 |
|               f1                                                |    <0.001 |
|               f2                                                |    <0.001 |
|               f3                                                |    <0.001 |
|             bp_2[6].fun                                         |     0.002 |
|               add1                                              |    <0.001 |
|               add2                                              |    <0.001 |
|               add3                                              |    <0.001 |
|               f1                                                |    <0.001 |
|               f2                                                |    <0.001 |
|               f3                                                |    <0.001 |
|             bp_2[8].fun                                         |     0.001 |
|               add1                                              |    <0.001 |
|               add2                                              |    <0.001 |
|               add3                                              |    <0.001 |
|               f1                                                |    <0.001 |
|               f2                                                |    <0.001 |
|               f3                                                |    <0.001 |
|           bp_32_16out                                           |     0.037 |
|             bp_2[0].fun                                         |     0.002 |
|               add1                                              |    <0.001 |
|               add2                                              |    <0.001 |
|               add3                                              |    <0.001 |
|               f1                                                |    <0.001 |
|               f2                                                |    <0.001 |
|               f3                                                |    <0.001 |
|             bp_2[10].fun                                        |     0.002 |
|               add1                                              |    <0.001 |
|               add2                                              |    <0.001 |
|               add3                                              |    <0.001 |
|               f1                                                |    <0.001 |
|               f2                                                |    <0.001 |
|               f3                                                |    <0.001 |
|             bp_2[12].fun                                        |     0.002 |
|               add1                                              |    <0.001 |
|               add2                                              |    <0.001 |
|               add3                                              |    <0.001 |
|               f1                                                |    <0.001 |
|               f2                                                |    <0.001 |
|               f3                                                |    <0.001 |
|             bp_2[14].fun                                        |     0.002 |
|               add1                                              |    <0.001 |
|               add2                                              |    <0.001 |
|               add3                                              |    <0.001 |
|               f1                                                |    <0.001 |
|               f2                                                |    <0.001 |
|               f3                                                |    <0.001 |
|             bp_2[16].fun                                        |     0.002 |
|               add1                                              |    <0.001 |
|               add2                                              |    <0.001 |
|               add3                                              |    <0.001 |
|               f1                                                |    <0.001 |
|               f2                                                |    <0.001 |
|               f3                                                |    <0.001 |
|             bp_2[18].fun                                        |     0.002 |
|               add1                                              |    <0.001 |
|               add2                                              |    <0.001 |
|               add3                                              |    <0.001 |
|               f1                                                |    <0.001 |
|               f2                                                |    <0.001 |
|               f3                                                |    <0.001 |
|             bp_2[20].fun                                        |     0.002 |
|               add1                                              |    <0.001 |
|               add2                                              |    <0.001 |
|               add3                                              |    <0.001 |
|               f1                                                |    <0.001 |
|               f2                                                |    <0.001 |
|               f3                                                |    <0.001 |
|             bp_2[22].fun                                        |     0.002 |
|               add1                                              |    <0.001 |
|               add2                                              |    <0.001 |
|               add3                                              |    <0.001 |
|               f1                                                |    <0.001 |
|               f2                                                |    <0.001 |
|               f3                                                |    <0.001 |
|             bp_2[24].fun                                        |     0.002 |
|               add1                                              |    <0.001 |
|               add2                                              |    <0.001 |
|               add3                                              |    <0.001 |
|               f1                                                |    <0.001 |
|               f2                                                |    <0.001 |
|               f3                                                |    <0.001 |
|             bp_2[26].fun                                        |     0.002 |
|               add1                                              |    <0.001 |
|               add2                                              |    <0.001 |
|               add3                                              |    <0.001 |
|               f1                                                |    <0.001 |
|               f2                                                |    <0.001 |
|               f3                                                |    <0.001 |
|             bp_2[28].fun                                        |     0.002 |
|               add1                                              |    <0.001 |
|               add2                                              |    <0.001 |
|               add3                                              |    <0.001 |
|               f1                                                |    <0.001 |
|               f2                                                |    <0.001 |
|               f3                                                |    <0.001 |
|             bp_2[2].fun                                         |     0.002 |
|               add1                                              |    <0.001 |
|               add2                                              |    <0.001 |
|               add3                                              |    <0.001 |
|               f1                                                |    <0.001 |
|               f2                                                |    <0.001 |
|               f3                                                |    <0.001 |
|             bp_2[30].fun                                        |     0.002 |
|               add1                                              |    <0.001 |
|               add2                                              |    <0.001 |
|               add3                                              |    <0.001 |
|               f1                                                |    <0.001 |
|               f2                                                |    <0.001 |
|               f3                                                |    <0.001 |
|             bp_2[4].fun                                         |     0.002 |
|               add1                                              |    <0.001 |
|               add2                                              |    <0.001 |
|               add3                                              |    <0.001 |
|               f1                                                |    <0.001 |
|               f2                                                |    <0.001 |
|               f3                                                |    <0.001 |
|             bp_2[6].fun                                         |     0.002 |
|               add1                                              |    <0.001 |
|               add2                                              |    <0.001 |
|               add3                                              |    <0.001 |
|               f1                                                |    <0.001 |
|               f2                                                |    <0.001 |
|               f3                                                |    <0.001 |
|             bp_2[8].fun                                         |     0.002 |
|               add1                                              |    <0.001 |
|               add2                                              |    <0.001 |
|               add3                                              |    <0.001 |
|               f1                                                |    <0.001 |
|               f2                                                |    <0.001 |
|               f3                                                |    <0.001 |
|           bp_64_32out                                           |     0.085 |
|             bp_2[0].fun                                         |     0.002 |
|               add1                                              |    <0.001 |
|               add2                                              |    <0.001 |
|               add3                                              |    <0.001 |
|               f1                                                |    <0.001 |
|               f2                                                |    <0.001 |
|               f3                                                |    <0.001 |
|             bp_2[10].fun                                        |     0.002 |
|               add1                                              |    <0.001 |
|               add2                                              |    <0.001 |
|               add3                                              |    <0.001 |
|               f1                                                |    <0.001 |
|               f2                                                |    <0.001 |
|               f3                                                |    <0.001 |
|             bp_2[12].fun                                        |     0.002 |
|               add1                                              |    <0.001 |
|               add2                                              |    <0.001 |
|               add3                                              |    <0.001 |
|               f1                                                |    <0.001 |
|               f2                                                |    <0.001 |
|               f3                                                |    <0.001 |
|             bp_2[14].fun                                        |     0.002 |
|               add1                                              |    <0.001 |
|               add2                                              |    <0.001 |
|               add3                                              |    <0.001 |
|               f1                                                |    <0.001 |
|               f2                                                |    <0.001 |
|               f3                                                |    <0.001 |
|             bp_2[16].fun                                        |     0.002 |
|               add1                                              |    <0.001 |
|               add2                                              |    <0.001 |
|               add3                                              |    <0.001 |
|               f1                                                |    <0.001 |
|               f2                                                |    <0.001 |
|               f3                                                |    <0.001 |
|             bp_2[18].fun                                        |     0.002 |
|               add1                                              |    <0.001 |
|               add2                                              |    <0.001 |
|               add3                                              |    <0.001 |
|               f1                                                |    <0.001 |
|               f2                                                |    <0.001 |
|               f3                                                |    <0.001 |
|             bp_2[20].fun                                        |     0.002 |
|               add1                                              |    <0.001 |
|               add2                                              |    <0.001 |
|               add3                                              |    <0.001 |
|               f1                                                |    <0.001 |
|               f2                                                |    <0.001 |
|               f3                                                |    <0.001 |
|             bp_2[22].fun                                        |     0.002 |
|               add1                                              |    <0.001 |
|               add2                                              |    <0.001 |
|               add3                                              |    <0.001 |
|               f1                                                |    <0.001 |
|               f2                                                |    <0.001 |
|               f3                                                |    <0.001 |
|             bp_2[24].fun                                        |     0.002 |
|               add1                                              |    <0.001 |
|               add2                                              |    <0.001 |
|               add3                                              |    <0.001 |
|               f1                                                |    <0.001 |
|               f2                                                |    <0.001 |
|               f3                                                |    <0.001 |
|             bp_2[26].fun                                        |     0.002 |
|               add1                                              |    <0.001 |
|               add2                                              |    <0.001 |
|               add3                                              |    <0.001 |
|               f1                                                |    <0.001 |
|               f2                                                |    <0.001 |
|               f3                                                |    <0.001 |
|             bp_2[28].fun                                        |     0.002 |
|               add1                                              |    <0.001 |
|               add2                                              |    <0.001 |
|               add3                                              |    <0.001 |
|               f1                                                |    <0.001 |
|               f2                                                |    <0.001 |
|               f3                                                |    <0.001 |
|             bp_2[2].fun                                         |     0.002 |
|               add1                                              |    <0.001 |
|               add2                                              |    <0.001 |
|               add3                                              |    <0.001 |
|               f1                                                |    <0.001 |
|               f2                                                |    <0.001 |
|               f3                                                |    <0.001 |
|             bp_2[30].fun                                        |     0.002 |
|               add1                                              |    <0.001 |
|               add2                                              |    <0.001 |
|               add3                                              |    <0.001 |
|               f1                                                |    <0.001 |
|               f2                                                |    <0.001 |
|               f3                                                |    <0.001 |
|             bp_2[32].fun                                        |     0.002 |
|               add1                                              |    <0.001 |
|               add2                                              |    <0.001 |
|               add3                                              |    <0.001 |
|               f1                                                |    <0.001 |
|               f2                                                |    <0.001 |
|               f3                                                |    <0.001 |
|             bp_2[34].fun                                        |     0.002 |
|               add1                                              |    <0.001 |
|               add2                                              |    <0.001 |
|               add3                                              |    <0.001 |
|               f1                                                |    <0.001 |
|               f2                                                |    <0.001 |
|               f3                                                |    <0.001 |
|             bp_2[36].fun                                        |     0.002 |
|               add1                                              |    <0.001 |
|               add2                                              |    <0.001 |
|               add3                                              |    <0.001 |
|               f1                                                |    <0.001 |
|               f2                                                |    <0.001 |
|               f3                                                |    <0.001 |
|             bp_2[38].fun                                        |     0.002 |
|               add1                                              |    <0.001 |
|               add2                                              |    <0.001 |
|               add3                                              |    <0.001 |
|               f1                                                |    <0.001 |
|               f2                                                |    <0.001 |
|               f3                                                |    <0.001 |
|             bp_2[40].fun                                        |     0.002 |
|               add1                                              |    <0.001 |
|               add2                                              |    <0.001 |
|               add3                                              |    <0.001 |
|               f1                                                |    <0.001 |
|               f2                                                |    <0.001 |
|               f3                                                |    <0.001 |
|             bp_2[42].fun                                        |     0.002 |
|               add1                                              |    <0.001 |
|               add2                                              |    <0.001 |
|               add3                                              |    <0.001 |
|               f1                                                |    <0.001 |
|               f2                                                |    <0.001 |
|               f3                                                |    <0.001 |
|             bp_2[44].fun                                        |     0.002 |
|               add1                                              |    <0.001 |
|               add2                                              |    <0.001 |
|               add3                                              |    <0.001 |
|               f1                                                |    <0.001 |
|               f2                                                |    <0.001 |
|               f3                                                |    <0.001 |
|             bp_2[46].fun                                        |     0.002 |
|               add1                                              |    <0.001 |
|               add2                                              |    <0.001 |
|               add3                                              |    <0.001 |
|               f1                                                |    <0.001 |
|               f2                                                |    <0.001 |
|               f3                                                |    <0.001 |
|             bp_2[48].fun                                        |     0.002 |
|               add1                                              |    <0.001 |
|               add2                                              |    <0.001 |
|               add3                                              |    <0.001 |
|               f1                                                |    <0.001 |
|               f2                                                |    <0.001 |
|               f3                                                |    <0.001 |
|             bp_2[4].fun                                         |     0.002 |
|               add1                                              |    <0.001 |
|               add2                                              |    <0.001 |
|               add3                                              |    <0.001 |
|               f1                                                |    <0.001 |
|               f2                                                |    <0.001 |
|               f3                                                |    <0.001 |
|             bp_2[50].fun                                        |     0.002 |
|               add1                                              |    <0.001 |
|               add2                                              |    <0.001 |
|               add3                                              |    <0.001 |
|               f1                                                |    <0.001 |
|               f2                                                |    <0.001 |
|               f3                                                |    <0.001 |
|             bp_2[52].fun                                        |     0.002 |
|               add1                                              |    <0.001 |
|               add2                                              |    <0.001 |
|               add3                                              |    <0.001 |
|               f1                                                |    <0.001 |
|               f2                                                |    <0.001 |
|               f3                                                |    <0.001 |
|             bp_2[54].fun                                        |     0.002 |
|               add1                                              |    <0.001 |
|               add2                                              |    <0.001 |
|               add3                                              |    <0.001 |
|               f1                                                |    <0.001 |
|               f2                                                |    <0.001 |
|               f3                                                |    <0.001 |
|             bp_2[56].fun                                        |     0.002 |
|               add1                                              |    <0.001 |
|               add2                                              |    <0.001 |
|               add3                                              |    <0.001 |
|               f1                                                |    <0.001 |
|               f2                                                |    <0.001 |
|               f3                                                |    <0.001 |
|             bp_2[58].fun                                        |     0.002 |
|               add1                                              |    <0.001 |
|               add2                                              |    <0.001 |
|               add3                                              |    <0.001 |
|               f1                                                |    <0.001 |
|               f2                                                |    <0.001 |
|               f3                                                |    <0.001 |
|             bp_2[60].fun                                        |     0.002 |
|               add1                                              |    <0.001 |
|               add2                                              |    <0.001 |
|               add3                                              |    <0.001 |
|               f1                                                |    <0.001 |
|               f2                                                |    <0.001 |
|               f3                                                |    <0.001 |
|             bp_2[62].fun                                        |     0.002 |
|               add1                                              |    <0.001 |
|               add2                                              |    <0.001 |
|               add3                                              |    <0.001 |
|               f1                                                |    <0.001 |
|               f2                                                |    <0.001 |
|               f3                                                |    <0.001 |
|             bp_2[6].fun                                         |     0.002 |
|               add1                                              |    <0.001 |
|               add2                                              |    <0.001 |
|               add3                                              |    <0.001 |
|               f1                                                |    <0.001 |
|               f2                                                |    <0.001 |
|               f3                                                |    <0.001 |
|             bp_2[8].fun                                         |     0.002 |
|               add1                                              |    <0.001 |
|               add2                                              |    <0.001 |
|               add3                                              |    <0.001 |
|               f1                                                |    <0.001 |
|               f2                                                |    <0.001 |
|               f3                                                |    <0.001 |
|           bp_8_4out                                             |     0.008 |
|             bp_2[0].fun                                         |     0.002 |
|               add1                                              |    <0.001 |
|               add2                                              |    <0.001 |
|               add3                                              |    <0.001 |
|               f1                                                |    <0.001 |
|               f2                                                |    <0.001 |
|               f3                                                |    <0.001 |
|             bp_2[2].fun                                         |     0.002 |
|               add1                                              |    <0.001 |
|               add2                                              |    <0.001 |
|               add3                                              |    <0.001 |
|               f1                                                |    <0.001 |
|               f2                                                |    <0.001 |
|               f3                                                |    <0.001 |
|             bp_2[4].fun                                         |     0.002 |
|               add1                                              |    <0.001 |
|               add2                                              |    <0.001 |
|               add3                                              |    <0.001 |
|               f1                                                |    <0.001 |
|               f2                                                |    <0.001 |
|               f3                                                |    <0.001 |
|             bp_2[6].fun                                         |     0.001 |
|               add1                                              |    <0.001 |
|               add2                                              |    <0.001 |
|               add3                                              |    <0.001 |
|               f1                                                |    <0.001 |
|               f2                                                |    <0.001 |
|               f3                                                |    <0.001 |
|           u_bram_rd                                             |    <0.001 |
|     BPDecodeIP_V2018_0                                          |     0.012 |
|       inst                                                      |     0.012 |
|         BPDecodeIP_V2018_v1_0_S00_AXI_inst                      |     0.012 |
|           bp_8_4out                                             |     0.012 |
|             bp_2[0].fun                                         |     0.003 |
|               add1                                              |    <0.001 |
|               add2                                              |    <0.001 |
|               add3                                              |    <0.001 |
|               f1                                                |    <0.001 |
|               f2                                                |    <0.001 |
|               f3                                                |    <0.001 |
|             bp_2[2].fun                                         |     0.003 |
|               add1                                              |    <0.001 |
|               add2                                              |    <0.001 |
|               add3                                              |    <0.001 |
|               f1                                                |    <0.001 |
|               f2                                                |    <0.001 |
|               f3                                                |    <0.001 |
|             bp_2[4].fun                                         |     0.003 |
|               add1                                              |    <0.001 |
|               add2                                              |    <0.001 |
|               add3                                              |    <0.001 |
|               f1                                                |    <0.001 |
|               f2                                                |    <0.001 |
|               f3                                                |    <0.001 |
|             bp_2[6].fun                                         |     0.002 |
|               add1                                              |    <0.001 |
|               add2                                              |    <0.001 |
|               add3                                              |    <0.001 |
|               f1                                                |    <0.001 |
|               f2                                                |    <0.001 |
|               f3                                                |    <0.001 |
|     axi_bram_ctrl_0                                             |    <0.001 |
|       U0                                                        |    <0.001 |
|         gext_inst.abcv4_0_ext_inst                              |    <0.001 |
|           GEN_AXI4.I_FULL_AXI                                   |    <0.001 |
|             GEN_ARB.I_SNG_PORT                                  |    <0.001 |
|             I_RD_CHNL                                           |    <0.001 |
|               I_WRAP_BRST                                       |    <0.001 |
|             I_WR_CHNL                                           |    <0.001 |
|               BID_FIFO                                          |    <0.001 |
|               I_WRAP_BRST                                       |    <0.001 |
|     blk_mem_gen_0                                               |     0.002 |
|       U0                                                        |     0.002 |
|         inst_blk_mem_gen                                        |     0.002 |
|           gnbram.gnative_mem_map_bmg.native_mem_map_blk_mem_gen |     0.002 |
|             valid.cstr                                          |     0.002 |
|               ramloop[0].ram.r                                  |     0.002 |
|                 prim_noinit.ram                                 |     0.002 |
|               ramloop[1].ram.r                                  |    <0.001 |
|                 prim_noinit.ram                                 |    <0.001 |
|     processing_system7_0                                        |     1.574 |
|       inst                                                      |     1.574 |
|     ps7_0_axi_periph                                            |     0.007 |
|       m00_couplers                                              |     0.002 |
|         auto_pc                                                 |     0.002 |
|           inst                                                  |     0.002 |
|             gen_axilite.gen_b2s_conv.axilite_b2s                |     0.002 |
|               RD.ar_channel_0                                   |    <0.001 |
|                 ar_cmd_fsm_0                                    |    <0.001 |
|                 cmd_translator_0                                |    <0.001 |
|                   incr_cmd_0                                    |    <0.001 |
|                   wrap_cmd_0                                    |    <0.001 |
|               RD.r_channel_0                                    |    <0.001 |
|                 rd_data_fifo_0                                  |    <0.001 |
|                 transaction_fifo_0                              |    <0.001 |
|               SI_REG                                            |    <0.001 |
|                 ar.ar_pipe                                      |    <0.001 |
|                 aw.aw_pipe                                      |    <0.001 |
|                 b.b_pipe                                        |    <0.001 |
|                 r.r_pipe                                        |    <0.001 |
|               WR.aw_channel_0                                   |    <0.001 |
|                 aw_cmd_fsm_0                                    |    <0.001 |
|                 cmd_translator_0                                |    <0.001 |
|                   incr_cmd_0                                    |    <0.001 |
|                   wrap_cmd_0                                    |    <0.001 |
|               WR.b_channel_0                                    |    <0.001 |
|                 bid_fifo_0                                      |    <0.001 |
|                 bresp_fifo_0                                    |    <0.001 |
|       m01_couplers                                              |     0.002 |
|         auto_pc                                                 |     0.002 |
|           inst                                                  |     0.002 |
|             gen_axilite.gen_b2s_conv.axilite_b2s                |     0.002 |
|               RD.ar_channel_0                                   |    <0.001 |
|                 ar_cmd_fsm_0                                    |    <0.001 |
|                 cmd_translator_0                                |    <0.001 |
|                   incr_cmd_0                                    |    <0.001 |
|                   wrap_cmd_0                                    |    <0.001 |
|               RD.r_channel_0                                    |    <0.001 |
|                 rd_data_fifo_0                                  |    <0.001 |
|                 transaction_fifo_0                              |    <0.001 |
|               SI_REG                                            |    <0.001 |
|                 ar.ar_pipe                                      |    <0.001 |
|                 aw.aw_pipe                                      |    <0.001 |
|                 b.b_pipe                                        |    <0.001 |
|                 r.r_pipe                                        |    <0.001 |
|               WR.aw_channel_0                                   |    <0.001 |
|                 aw_cmd_fsm_0                                    |    <0.001 |
|                 cmd_translator_0                                |    <0.001 |
|                   incr_cmd_0                                    |    <0.001 |
|                   wrap_cmd_0                                    |    <0.001 |
|               WR.b_channel_0                                    |    <0.001 |
|                 bid_fifo_0                                      |    <0.001 |
|                 bresp_fifo_0                                    |    <0.001 |
|       s00_couplers                                              |     0.000 |
|         auto_pc                                                 |     0.000 |
|           inst                                                  |     0.000 |
|       xbar                                                      |     0.003 |
|         inst                                                    |     0.003 |
|           gen_samd.crossbar_samd                                |     0.003 |
|             addr_arbiter_ar                                     |    <0.001 |
|             addr_arbiter_aw                                     |    <0.001 |
|             gen_decerr_slave.decerr_slave_inst                  |    <0.001 |
|             gen_master_slots[0].reg_slice_mi                    |    <0.001 |
|               b.b_pipe                                          |    <0.001 |
|               r.r_pipe                                          |    <0.001 |
|             gen_master_slots[1].reg_slice_mi                    |    <0.001 |
|               b.b_pipe                                          |    <0.001 |
|               r.r_pipe                                          |    <0.001 |
|             gen_master_slots[2].reg_slice_mi                    |    <0.001 |
|               b.b_pipe                                          |    <0.001 |
|               r.r_pipe                                          |    <0.001 |
|             gen_master_slots[3].reg_slice_mi                    |    <0.001 |
|               b.b_pipe                                          |    <0.001 |
|               r.r_pipe                                          |    <0.001 |
|             gen_slave_slots[0].gen_si_read.si_transactor_ar     |    <0.001 |
|               gen_multi_thread.arbiter_resp_inst                |    <0.001 |
|             gen_slave_slots[0].gen_si_write.si_transactor_aw    |    <0.001 |
|               gen_multi_thread.arbiter_resp_inst                |    <0.001 |
|             gen_slave_slots[0].gen_si_write.splitter_aw_si      |    <0.001 |
|             gen_slave_slots[0].gen_si_write.wdata_router_w      |    <0.001 |
|               wrouter_aw_fifo                                   |    <0.001 |
|                 gen_srls[0].gen_rep[0].srl_nx1                  |    <0.001 |
|                 gen_srls[0].gen_rep[1].srl_nx1                  |    <0.001 |
|                 gen_srls[0].gen_rep[2].srl_nx1                  |    <0.001 |
|             splitter_aw_mi                                      |    <0.001 |
|     rst_ps7_0_50M                                               |    <0.001 |
|       U0                                                        |    <0.001 |
|         EXT_LPF                                                 |    <0.001 |
|           ACTIVE_LOW_AUX.ACT_LO_AUX                             |    <0.001 |
|           ACTIVE_LOW_EXT.ACT_LO_EXT                             |    <0.001 |
|         SEQ                                                     |    <0.001 |
|           SEQ_COUNTER                                           |    <0.001 |
+-----------------------------------------------------------------+-----------+


