20:01:26 INFO  : Registering command handlers for SDK TCF services
20:01:27 INFO  : Launching XSCT server: xsct.bat -interactive D:\My_Code\GraduationProject\BPDecode2.0_v2018\BPDecode2.0_v2018\BPDecode2.0_v2018.sdk\temp_xsdb_launch_script.tcl
20:01:29 INFO  : XSCT server has started successfully.
20:01:29 INFO  : Successfully done setting XSCT server connection channel  
20:01:29 INFO  : Successfully done setting SDK workspace  
20:01:29 INFO  : Processing command line option -hwspec D:/My_Code/GraduationProject/BPDecode2.0_v2018/BPDecode2.0_v2018/BPDecode2.0_v2018.sdk/system_wrapper.hdf.
20:07:33 INFO  : 'targets -set -filter {jtag_cable_name =~ "Digilent JTAG-HS1 210512180081" && level==0} -index 1' command is executed.
20:07:33 INFO  : 'fpga -state' command is executed.
20:07:38 INFO  : Connected to target on host '127.0.0.1' and port '3121'.
20:07:38 INFO  : Jtag cable 'Digilent JTAG-HS1 210512180081' is selected.
20:07:38 INFO  : 'jtag frequency' command is executed.
20:07:38 INFO  : Sourcing of 'D:/My_Code/GraduationProject/BPDecode2.0_v2018/BPDecode2.0_v2018/BPDecode2.0_v2018.sdk/system_wrapper_hw_platform_0/ps7_init.tcl' is done.
20:07:38 INFO  : Context for 'APU' is selected.
20:07:38 INFO  : Hardware design information is loaded from 'D:/My_Code/GraduationProject/BPDecode2.0_v2018/BPDecode2.0_v2018/BPDecode2.0_v2018.sdk/system_wrapper_hw_platform_0/system.hdf'.
20:07:38 INFO  : 'configparams force-mem-access 1' command is executed.
20:07:38 INFO  : Context for 'APU' is selected.
20:07:38 INFO  : 'stop' command is executed.
20:07:39 INFO  : 'ps7_init' command is executed.
20:07:39 INFO  : 'ps7_post_config' command is executed.
20:07:39 INFO  : Context for processor 'ps7_cortexa9_0' is selected.
20:07:39 INFO  : Processor reset is completed for 'ps7_cortexa9_0'.
20:07:39 INFO  : Context for processor 'ps7_cortexa9_0' is selected.
20:07:39 INFO  : The application 'D:/My_Code/GraduationProject/BPDecode2.0_v2018/BPDecode2.0_v2018/BPDecode2.0_v2018.sdk/LWIP_BPDecode/Debug/LWIP_BPDecode.elf' is downloaded to processor 'ps7_cortexa9_0'.
20:07:39 INFO  : 'configparams force-mem-access 0' command is executed.
20:07:39 INFO  : ----------------XSDB Script----------------
connect -url tcp:127.0.0.1:3121
source D:/My_Code/GraduationProject/BPDecode2.0_v2018/BPDecode2.0_v2018/BPDecode2.0_v2018.sdk/system_wrapper_hw_platform_0/ps7_init.tcl
targets -set -nocase -filter {name =~"APU*" && jtag_cable_name =~ "Digilent JTAG-HS1 210512180081"} -index 0
loadhw -hw D:/My_Code/GraduationProject/BPDecode2.0_v2018/BPDecode2.0_v2018/BPDecode2.0_v2018.sdk/system_wrapper_hw_platform_0/system.hdf -mem-ranges [list {0x40000000 0xbfffffff}]
configparams force-mem-access 1
targets -set -nocase -filter {name =~"APU*" && jtag_cable_name =~ "Digilent JTAG-HS1 210512180081"} -index 0
stop
ps7_init
ps7_post_config
targets -set -nocase -filter {name =~ "ARM*#0" && jtag_cable_name =~ "Digilent JTAG-HS1 210512180081"} -index 0
rst -processor
targets -set -nocase -filter {name =~ "ARM*#0" && jtag_cable_name =~ "Digilent JTAG-HS1 210512180081"} -index 0
dow D:/My_Code/GraduationProject/BPDecode2.0_v2018/BPDecode2.0_v2018/BPDecode2.0_v2018.sdk/LWIP_BPDecode/Debug/LWIP_BPDecode.elf
configparams force-mem-access 0
----------------End of Script----------------

20:07:40 INFO  : Memory regions updated for context APU
20:07:40 INFO  : Context for processor 'ps7_cortexa9_0' is selected.
20:07:40 INFO  : 'con' command is executed.
20:07:40 INFO  : ----------------XSDB Script (After Launch)----------------
targets -set -nocase -filter {name =~ "ARM*#0" && jtag_cable_name =~ "Digilent JTAG-HS1 210512180081"} -index 0
con
----------------End of Script----------------

20:07:40 INFO  : Launch script is exported to file 'D:\My_Code\GraduationProject\BPDecode2.0_v2018\BPDecode2.0_v2018\BPDecode2.0_v2018.sdk\.sdk\launch_scripts\xilinx_c-c++_application_(system_debugger)\system_debugger_using_debug_lwip_bpdecode.elf_on_local.tcl'
20:08:08 INFO  : Disconnected from the channel tcfchan#1.
20:08:09 INFO  : Connected to target on host '127.0.0.1' and port '3121'.
20:08:09 INFO  : Jtag cable 'Digilent JTAG-HS1 210512180081' is selected.
20:08:09 INFO  : 'jtag frequency' command is executed.
20:08:09 INFO  : Sourcing of 'D:/My_Code/GraduationProject/BPDecode2.0_v2018/BPDecode2.0_v2018/BPDecode2.0_v2018.sdk/system_wrapper_hw_platform_0/ps7_init.tcl' is done.
20:08:09 INFO  : Context for 'APU' is selected.
20:08:09 INFO  : System reset is completed.
20:08:12 INFO  : 'after 3000' command is executed.
20:08:12 INFO  : 'targets -set -filter {jtag_cable_name =~ "Digilent JTAG-HS1 210512180081" && level==0} -index 1' command is executed.
20:08:16 INFO  : FPGA configured successfully with bitstream "D:/My_Code/GraduationProject/BPDecode2.0_v2018/BPDecode2.0_v2018/BPDecode2.0_v2018.sdk/system_wrapper_hw_platform_0/system_wrapper.bit"
20:08:16 INFO  : Context for 'APU' is selected.
20:08:17 INFO  : Hardware design information is loaded from 'D:/My_Code/GraduationProject/BPDecode2.0_v2018/BPDecode2.0_v2018/BPDecode2.0_v2018.sdk/system_wrapper_hw_platform_0/system.hdf'.
20:08:17 INFO  : 'configparams force-mem-access 1' command is executed.
20:08:17 INFO  : Context for 'APU' is selected.
20:08:17 INFO  : 'ps7_init' command is executed.
20:08:17 INFO  : 'ps7_post_config' command is executed.
20:08:17 INFO  : Context for processor 'ps7_cortexa9_0' is selected.
20:08:18 INFO  : The application 'D:/My_Code/GraduationProject/BPDecode2.0_v2018/BPDecode2.0_v2018/BPDecode2.0_v2018.sdk/LWIP_BPDecode/Debug/LWIP_BPDecode.elf' is downloaded to processor 'ps7_cortexa9_0'.
20:08:18 INFO  : 'configparams force-mem-access 0' command is executed.
20:08:18 INFO  : ----------------XSDB Script----------------
connect -url tcp:127.0.0.1:3121
source D:/My_Code/GraduationProject/BPDecode2.0_v2018/BPDecode2.0_v2018/BPDecode2.0_v2018.sdk/system_wrapper_hw_platform_0/ps7_init.tcl
targets -set -nocase -filter {name =~"APU*" && jtag_cable_name =~ "Digilent JTAG-HS1 210512180081"} -index 0
rst -system
after 3000
targets -set -filter {jtag_cable_name =~ "Digilent JTAG-HS1 210512180081" && level==0} -index 1
fpga -file D:/My_Code/GraduationProject/BPDecode2.0_v2018/BPDecode2.0_v2018/BPDecode2.0_v2018.sdk/system_wrapper_hw_platform_0/system_wrapper.bit
targets -set -nocase -filter {name =~"APU*" && jtag_cable_name =~ "Digilent JTAG-HS1 210512180081"} -index 0
loadhw -hw D:/My_Code/GraduationProject/BPDecode2.0_v2018/BPDecode2.0_v2018/BPDecode2.0_v2018.sdk/system_wrapper_hw_platform_0/system.hdf -mem-ranges [list {0x40000000 0xbfffffff}]
configparams force-mem-access 1
targets -set -nocase -filter {name =~"APU*" && jtag_cable_name =~ "Digilent JTAG-HS1 210512180081"} -index 0
ps7_init
ps7_post_config
targets -set -nocase -filter {name =~ "ARM*#0" && jtag_cable_name =~ "Digilent JTAG-HS1 210512180081"} -index 0
dow D:/My_Code/GraduationProject/BPDecode2.0_v2018/BPDecode2.0_v2018/BPDecode2.0_v2018.sdk/LWIP_BPDecode/Debug/LWIP_BPDecode.elf
configparams force-mem-access 0
----------------End of Script----------------

20:08:18 INFO  : Memory regions updated for context APU
20:08:18 INFO  : Context for processor 'ps7_cortexa9_0' is selected.
20:08:18 INFO  : 'con' command is executed.
20:08:18 INFO  : ----------------XSDB Script (After Launch)----------------
targets -set -nocase -filter {name =~ "ARM*#0" && jtag_cable_name =~ "Digilent JTAG-HS1 210512180081"} -index 0
con
----------------End of Script----------------

20:08:18 INFO  : Launch script is exported to file 'D:\My_Code\GraduationProject\BPDecode2.0_v2018\BPDecode2.0_v2018\BPDecode2.0_v2018.sdk\.sdk\launch_scripts\xilinx_c-c++_application_(system_debugger)\system_debugger_using_debug_lwip_bpdecode.elf_on_local.tcl'
20:09:57 INFO  : Disconnected from the channel tcfchan#2.
20:09:58 INFO  : Connected to target on host '127.0.0.1' and port '3121'.
20:09:58 INFO  : Jtag cable 'Digilent JTAG-HS1 210512180081' is selected.
20:09:58 INFO  : 'jtag frequency' command is executed.
20:09:58 INFO  : Sourcing of 'D:/My_Code/GraduationProject/BPDecode2.0_v2018/BPDecode2.0_v2018/BPDecode2.0_v2018.sdk/system_wrapper_hw_platform_0/ps7_init.tcl' is done.
20:09:58 INFO  : Context for 'APU' is selected.
20:09:58 INFO  : System reset is completed.
20:10:01 INFO  : 'after 3000' command is executed.
20:10:01 INFO  : 'targets -set -filter {jtag_cable_name =~ "Digilent JTAG-HS1 210512180081" && level==0} -index 1' command is executed.
20:10:04 INFO  : FPGA configured successfully with bitstream "D:/My_Code/GraduationProject/BPDecode2.0_v2018/BPDecode2.0_v2018/BPDecode2.0_v2018.sdk/system_wrapper_hw_platform_0/system_wrapper.bit"
20:10:04 INFO  : Context for 'APU' is selected.
20:10:06 INFO  : Hardware design information is loaded from 'D:/My_Code/GraduationProject/BPDecode2.0_v2018/BPDecode2.0_v2018/BPDecode2.0_v2018.sdk/system_wrapper_hw_platform_0/system.hdf'.
20:10:06 INFO  : 'configparams force-mem-access 1' command is executed.
20:10:06 INFO  : Context for 'APU' is selected.
20:10:06 INFO  : 'ps7_init' command is executed.
20:10:06 INFO  : 'ps7_post_config' command is executed.
20:10:06 INFO  : Context for processor 'ps7_cortexa9_0' is selected.
20:10:07 INFO  : The application 'D:/My_Code/GraduationProject/BPDecode2.0_v2018/BPDecode2.0_v2018/BPDecode2.0_v2018.sdk/LWIP_BPDecode/Debug/LWIP_BPDecode.elf' is downloaded to processor 'ps7_cortexa9_0'.
20:10:07 INFO  : 'configparams force-mem-access 0' command is executed.
20:10:07 INFO  : ----------------XSDB Script----------------
connect -url tcp:127.0.0.1:3121
source D:/My_Code/GraduationProject/BPDecode2.0_v2018/BPDecode2.0_v2018/BPDecode2.0_v2018.sdk/system_wrapper_hw_platform_0/ps7_init.tcl
targets -set -nocase -filter {name =~"APU*" && jtag_cable_name =~ "Digilent JTAG-HS1 210512180081"} -index 0
rst -system
after 3000
targets -set -filter {jtag_cable_name =~ "Digilent JTAG-HS1 210512180081" && level==0} -index 1
fpga -file D:/My_Code/GraduationProject/BPDecode2.0_v2018/BPDecode2.0_v2018/BPDecode2.0_v2018.sdk/system_wrapper_hw_platform_0/system_wrapper.bit
targets -set -nocase -filter {name =~"APU*" && jtag_cable_name =~ "Digilent JTAG-HS1 210512180081"} -index 0
loadhw -hw D:/My_Code/GraduationProject/BPDecode2.0_v2018/BPDecode2.0_v2018/BPDecode2.0_v2018.sdk/system_wrapper_hw_platform_0/system.hdf -mem-ranges [list {0x40000000 0xbfffffff}]
configparams force-mem-access 1
targets -set -nocase -filter {name =~"APU*" && jtag_cable_name =~ "Digilent JTAG-HS1 210512180081"} -index 0
ps7_init
ps7_post_config
targets -set -nocase -filter {name =~ "ARM*#0" && jtag_cable_name =~ "Digilent JTAG-HS1 210512180081"} -index 0
dow D:/My_Code/GraduationProject/BPDecode2.0_v2018/BPDecode2.0_v2018/BPDecode2.0_v2018.sdk/LWIP_BPDecode/Debug/LWIP_BPDecode.elf
configparams force-mem-access 0
----------------End of Script----------------

20:10:07 INFO  : Memory regions updated for context APU
20:10:07 INFO  : Context for processor 'ps7_cortexa9_0' is selected.
20:10:07 INFO  : 'con' command is executed.
20:10:07 INFO  : ----------------XSDB Script (After Launch)----------------
targets -set -nocase -filter {name =~ "ARM*#0" && jtag_cable_name =~ "Digilent JTAG-HS1 210512180081"} -index 0
con
----------------End of Script----------------

20:10:07 INFO  : Launch script is exported to file 'D:\My_Code\GraduationProject\BPDecode2.0_v2018\BPDecode2.0_v2018\BPDecode2.0_v2018.sdk\.sdk\launch_scripts\xilinx_c-c++_application_(system_debugger)\system_debugger_using_debug_lwip_bpdecode.elf_on_local.tcl'
20:10:26 INFO  : Disconnected from the channel tcfchan#3.
20:10:27 INFO  : Connected to target on host '127.0.0.1' and port '3121'.
20:10:27 INFO  : Jtag cable 'Digilent JTAG-HS1 210512180081' is selected.
20:10:27 INFO  : 'jtag frequency' command is executed.
20:10:27 INFO  : Sourcing of 'D:/My_Code/GraduationProject/BPDecode2.0_v2018/BPDecode2.0_v2018/BPDecode2.0_v2018.sdk/system_wrapper_hw_platform_0/ps7_init.tcl' is done.
20:10:27 INFO  : Context for 'APU' is selected.
20:10:27 INFO  : System reset is completed.
20:10:30 INFO  : 'after 3000' command is executed.
20:10:31 INFO  : 'targets -set -filter {jtag_cable_name =~ "Digilent JTAG-HS1 210512180081" && level==0} -index 1' command is executed.
20:10:34 INFO  : FPGA configured successfully with bitstream "D:/My_Code/GraduationProject/BPDecode2.0_v2018/BPDecode2.0_v2018/BPDecode2.0_v2018.sdk/system_wrapper_hw_platform_0/system_wrapper.bit"
20:10:34 INFO  : Context for 'APU' is selected.
20:10:35 INFO  : Hardware design information is loaded from 'D:/My_Code/GraduationProject/BPDecode2.0_v2018/BPDecode2.0_v2018/BPDecode2.0_v2018.sdk/system_wrapper_hw_platform_0/system.hdf'.
20:10:35 INFO  : 'configparams force-mem-access 1' command is executed.
20:10:35 INFO  : Context for 'APU' is selected.
20:10:36 INFO  : 'ps7_init' command is executed.
20:10:36 INFO  : 'ps7_post_config' command is executed.
20:10:36 INFO  : Context for processor 'ps7_cortexa9_0' is selected.
20:10:36 INFO  : The application 'D:/My_Code/GraduationProject/BPDecode2.0_v2018/BPDecode2.0_v2018/BPDecode2.0_v2018.sdk/LWIP_BPDecode/Debug/LWIP_BPDecode.elf' is downloaded to processor 'ps7_cortexa9_0'.
20:10:36 INFO  : 'configparams force-mem-access 0' command is executed.
20:10:36 INFO  : ----------------XSDB Script----------------
connect -url tcp:127.0.0.1:3121
source D:/My_Code/GraduationProject/BPDecode2.0_v2018/BPDecode2.0_v2018/BPDecode2.0_v2018.sdk/system_wrapper_hw_platform_0/ps7_init.tcl
targets -set -nocase -filter {name =~"APU*" && jtag_cable_name =~ "Digilent JTAG-HS1 210512180081"} -index 0
rst -system
after 3000
targets -set -filter {jtag_cable_name =~ "Digilent JTAG-HS1 210512180081" && level==0} -index 1
fpga -file D:/My_Code/GraduationProject/BPDecode2.0_v2018/BPDecode2.0_v2018/BPDecode2.0_v2018.sdk/system_wrapper_hw_platform_0/system_wrapper.bit
targets -set -nocase -filter {name =~"APU*" && jtag_cable_name =~ "Digilent JTAG-HS1 210512180081"} -index 0
loadhw -hw D:/My_Code/GraduationProject/BPDecode2.0_v2018/BPDecode2.0_v2018/BPDecode2.0_v2018.sdk/system_wrapper_hw_platform_0/system.hdf -mem-ranges [list {0x40000000 0xbfffffff}]
configparams force-mem-access 1
targets -set -nocase -filter {name =~"APU*" && jtag_cable_name =~ "Digilent JTAG-HS1 210512180081"} -index 0
ps7_init
ps7_post_config
targets -set -nocase -filter {name =~ "ARM*#0" && jtag_cable_name =~ "Digilent JTAG-HS1 210512180081"} -index 0
dow D:/My_Code/GraduationProject/BPDecode2.0_v2018/BPDecode2.0_v2018/BPDecode2.0_v2018.sdk/LWIP_BPDecode/Debug/LWIP_BPDecode.elf
configparams force-mem-access 0
----------------End of Script----------------

20:10:36 INFO  : Memory regions updated for context APU
20:10:36 INFO  : Context for processor 'ps7_cortexa9_0' is selected.
20:10:36 INFO  : 'con' command is executed.
20:10:36 INFO  : ----------------XSDB Script (After Launch)----------------
targets -set -nocase -filter {name =~ "ARM*#0" && jtag_cable_name =~ "Digilent JTAG-HS1 210512180081"} -index 0
con
----------------End of Script----------------

20:10:36 INFO  : Launch script is exported to file 'D:\My_Code\GraduationProject\BPDecode2.0_v2018\BPDecode2.0_v2018\BPDecode2.0_v2018.sdk\.sdk\launch_scripts\xilinx_c-c++_application_(system_debugger)\system_debugger_using_debug_lwip_bpdecode.elf_on_local.tcl'
20:10:52 INFO  : Disconnected from the channel tcfchan#4.
20:10:53 INFO  : Connected to target on host '127.0.0.1' and port '3121'.
20:10:54 INFO  : Jtag cable 'Digilent JTAG-HS1 210512180081' is selected.
20:10:54 INFO  : 'jtag frequency' command is executed.
20:10:54 INFO  : Sourcing of 'D:/My_Code/GraduationProject/BPDecode2.0_v2018/BPDecode2.0_v2018/BPDecode2.0_v2018.sdk/system_wrapper_hw_platform_0/ps7_init.tcl' is done.
20:10:54 INFO  : Context for 'APU' is selected.
20:10:54 INFO  : System reset is completed.
20:10:57 INFO  : 'after 3000' command is executed.
20:10:57 INFO  : 'targets -set -filter {jtag_cable_name =~ "Digilent JTAG-HS1 210512180081" && level==0} -index 1' command is executed.
20:11:00 INFO  : FPGA configured successfully with bitstream "D:/My_Code/GraduationProject/BPDecode2.0_v2018/BPDecode2.0_v2018/BPDecode2.0_v2018.sdk/system_wrapper_hw_platform_0/system_wrapper.bit"
20:11:00 INFO  : Context for 'APU' is selected.
20:11:02 INFO  : Hardware design information is loaded from 'D:/My_Code/GraduationProject/BPDecode2.0_v2018/BPDecode2.0_v2018/BPDecode2.0_v2018.sdk/system_wrapper_hw_platform_0/system.hdf'.
20:11:02 INFO  : 'configparams force-mem-access 1' command is executed.
20:11:02 INFO  : Context for 'APU' is selected.
20:11:02 INFO  : 'ps7_init' command is executed.
20:11:02 INFO  : 'ps7_post_config' command is executed.
20:11:02 INFO  : Context for processor 'ps7_cortexa9_0' is selected.
20:11:03 INFO  : The application 'D:/My_Code/GraduationProject/BPDecode2.0_v2018/BPDecode2.0_v2018/BPDecode2.0_v2018.sdk/LWIP_BPDecode/Debug/LWIP_BPDecode.elf' is downloaded to processor 'ps7_cortexa9_0'.
20:11:03 INFO  : 'configparams force-mem-access 0' command is executed.
20:11:03 INFO  : ----------------XSDB Script----------------
connect -url tcp:127.0.0.1:3121
source D:/My_Code/GraduationProject/BPDecode2.0_v2018/BPDecode2.0_v2018/BPDecode2.0_v2018.sdk/system_wrapper_hw_platform_0/ps7_init.tcl
targets -set -nocase -filter {name =~"APU*" && jtag_cable_name =~ "Digilent JTAG-HS1 210512180081"} -index 0
rst -system
after 3000
targets -set -filter {jtag_cable_name =~ "Digilent JTAG-HS1 210512180081" && level==0} -index 1
fpga -file D:/My_Code/GraduationProject/BPDecode2.0_v2018/BPDecode2.0_v2018/BPDecode2.0_v2018.sdk/system_wrapper_hw_platform_0/system_wrapper.bit
targets -set -nocase -filter {name =~"APU*" && jtag_cable_name =~ "Digilent JTAG-HS1 210512180081"} -index 0
loadhw -hw D:/My_Code/GraduationProject/BPDecode2.0_v2018/BPDecode2.0_v2018/BPDecode2.0_v2018.sdk/system_wrapper_hw_platform_0/system.hdf -mem-ranges [list {0x40000000 0xbfffffff}]
configparams force-mem-access 1
targets -set -nocase -filter {name =~"APU*" && jtag_cable_name =~ "Digilent JTAG-HS1 210512180081"} -index 0
ps7_init
ps7_post_config
targets -set -nocase -filter {name =~ "ARM*#0" && jtag_cable_name =~ "Digilent JTAG-HS1 210512180081"} -index 0
dow D:/My_Code/GraduationProject/BPDecode2.0_v2018/BPDecode2.0_v2018/BPDecode2.0_v2018.sdk/LWIP_BPDecode/Debug/LWIP_BPDecode.elf
configparams force-mem-access 0
----------------End of Script----------------

20:11:03 INFO  : Memory regions updated for context APU
20:11:03 INFO  : Context for processor 'ps7_cortexa9_0' is selected.
20:11:03 INFO  : 'con' command is executed.
20:11:03 INFO  : ----------------XSDB Script (After Launch)----------------
targets -set -nocase -filter {name =~ "ARM*#0" && jtag_cable_name =~ "Digilent JTAG-HS1 210512180081"} -index 0
con
----------------End of Script----------------

20:11:03 INFO  : Launch script is exported to file 'D:\My_Code\GraduationProject\BPDecode2.0_v2018\BPDecode2.0_v2018\BPDecode2.0_v2018.sdk\.sdk\launch_scripts\xilinx_c-c++_application_(system_debugger)\system_debugger_using_debug_lwip_bpdecode.elf_on_local.tcl'
20:13:55 INFO  : Disconnected from the channel tcfchan#5.
20:13:56 INFO  : Connected to target on host '127.0.0.1' and port '3121'.
20:13:56 INFO  : Jtag cable 'Digilent JTAG-HS1 210512180081' is selected.
20:13:56 INFO  : 'jtag frequency' command is executed.
20:13:56 INFO  : Sourcing of 'D:/My_Code/GraduationProject/BPDecode2.0_v2018/BPDecode2.0_v2018/BPDecode2.0_v2018.sdk/system_wrapper_hw_platform_0/ps7_init.tcl' is done.
20:13:56 INFO  : Context for 'APU' is selected.
20:13:56 INFO  : System reset is completed.
20:13:59 INFO  : 'after 3000' command is executed.
20:13:59 INFO  : 'targets -set -filter {jtag_cable_name =~ "Digilent JTAG-HS1 210512180081" && level==0} -index 1' command is executed.
20:14:03 INFO  : FPGA configured successfully with bitstream "D:/My_Code/GraduationProject/BPDecode2.0_v2018/BPDecode2.0_v2018/BPDecode2.0_v2018.sdk/system_wrapper_hw_platform_0/system_wrapper.bit"
20:14:03 INFO  : Context for 'APU' is selected.
20:14:04 INFO  : Hardware design information is loaded from 'D:/My_Code/GraduationProject/BPDecode2.0_v2018/BPDecode2.0_v2018/BPDecode2.0_v2018.sdk/system_wrapper_hw_platform_0/system.hdf'.
20:14:04 INFO  : 'configparams force-mem-access 1' command is executed.
20:14:04 INFO  : Context for 'APU' is selected.
20:14:05 INFO  : 'ps7_init' command is executed.
20:14:05 INFO  : 'ps7_post_config' command is executed.
20:14:05 INFO  : Context for processor 'ps7_cortexa9_0' is selected.
20:14:05 INFO  : The application 'D:/My_Code/GraduationProject/BPDecode2.0_v2018/BPDecode2.0_v2018/BPDecode2.0_v2018.sdk/LWIP_BPDecode/Debug/LWIP_BPDecode.elf' is downloaded to processor 'ps7_cortexa9_0'.
20:14:05 INFO  : 'configparams force-mem-access 0' command is executed.
20:14:05 INFO  : ----------------XSDB Script----------------
connect -url tcp:127.0.0.1:3121
source D:/My_Code/GraduationProject/BPDecode2.0_v2018/BPDecode2.0_v2018/BPDecode2.0_v2018.sdk/system_wrapper_hw_platform_0/ps7_init.tcl
targets -set -nocase -filter {name =~"APU*" && jtag_cable_name =~ "Digilent JTAG-HS1 210512180081"} -index 0
rst -system
after 3000
targets -set -filter {jtag_cable_name =~ "Digilent JTAG-HS1 210512180081" && level==0} -index 1
fpga -file D:/My_Code/GraduationProject/BPDecode2.0_v2018/BPDecode2.0_v2018/BPDecode2.0_v2018.sdk/system_wrapper_hw_platform_0/system_wrapper.bit
targets -set -nocase -filter {name =~"APU*" && jtag_cable_name =~ "Digilent JTAG-HS1 210512180081"} -index 0
loadhw -hw D:/My_Code/GraduationProject/BPDecode2.0_v2018/BPDecode2.0_v2018/BPDecode2.0_v2018.sdk/system_wrapper_hw_platform_0/system.hdf -mem-ranges [list {0x40000000 0xbfffffff}]
configparams force-mem-access 1
targets -set -nocase -filter {name =~"APU*" && jtag_cable_name =~ "Digilent JTAG-HS1 210512180081"} -index 0
ps7_init
ps7_post_config
targets -set -nocase -filter {name =~ "ARM*#0" && jtag_cable_name =~ "Digilent JTAG-HS1 210512180081"} -index 0
dow D:/My_Code/GraduationProject/BPDecode2.0_v2018/BPDecode2.0_v2018/BPDecode2.0_v2018.sdk/LWIP_BPDecode/Debug/LWIP_BPDecode.elf
configparams force-mem-access 0
----------------End of Script----------------

20:14:05 INFO  : Memory regions updated for context APU
20:14:05 INFO  : Context for processor 'ps7_cortexa9_0' is selected.
20:14:05 INFO  : 'con' command is executed.
20:14:05 INFO  : ----------------XSDB Script (After Launch)----------------
targets -set -nocase -filter {name =~ "ARM*#0" && jtag_cable_name =~ "Digilent JTAG-HS1 210512180081"} -index 0
con
----------------End of Script----------------

20:14:05 INFO  : Launch script is exported to file 'D:\My_Code\GraduationProject\BPDecode2.0_v2018\BPDecode2.0_v2018\BPDecode2.0_v2018.sdk\.sdk\launch_scripts\xilinx_c-c++_application_(system_debugger)\system_debugger_using_debug_lwip_bpdecode.elf_on_local.tcl'
20:14:17 INFO  : Disconnected from the channel tcfchan#6.
20:14:18 INFO  : 'targets -set -filter {jtag_cable_name =~ "Digilent JTAG-HS1 210512180081" && level==0} -index 1' command is executed.
20:14:18 INFO  : 'fpga -state' command is executed.
20:14:18 INFO  : Connected to target on host '127.0.0.1' and port '3121'.
20:14:18 INFO  : Jtag cable 'Digilent JTAG-HS1 210512180081' is selected.
20:14:18 INFO  : 'jtag frequency' command is executed.
20:14:18 INFO  : Sourcing of 'D:/My_Code/GraduationProject/BPDecode2.0_v2018/BPDecode2.0_v2018/BPDecode2.0_v2018.sdk/system_wrapper_hw_platform_0/ps7_init.tcl' is done.
20:14:19 INFO  : Context for 'APU' is selected.
20:14:20 INFO  : Hardware design information is loaded from 'D:/My_Code/GraduationProject/BPDecode2.0_v2018/BPDecode2.0_v2018/BPDecode2.0_v2018.sdk/system_wrapper_hw_platform_0/system.hdf'.
20:14:20 INFO  : 'configparams force-mem-access 1' command is executed.
20:14:20 INFO  : Context for 'APU' is selected.
20:14:20 INFO  : 'stop' command is executed.
20:14:20 INFO  : 'ps7_init' command is executed.
20:14:20 INFO  : 'ps7_post_config' command is executed.
20:14:20 INFO  : Context for processor 'ps7_cortexa9_0' is selected.
20:14:20 INFO  : Processor reset is completed for 'ps7_cortexa9_0'.
20:14:20 INFO  : Context for processor 'ps7_cortexa9_0' is selected.
20:14:21 INFO  : The application 'D:/My_Code/GraduationProject/BPDecode2.0_v2018/BPDecode2.0_v2018/BPDecode2.0_v2018.sdk/LWIP_BPDecodeFinally/Debug/LWIP_BPDecodeFinally.elf' is downloaded to processor 'ps7_cortexa9_0'.
20:14:21 INFO  : 'configparams force-mem-access 0' command is executed.
20:14:21 INFO  : ----------------XSDB Script----------------
connect -url tcp:127.0.0.1:3121
source D:/My_Code/GraduationProject/BPDecode2.0_v2018/BPDecode2.0_v2018/BPDecode2.0_v2018.sdk/system_wrapper_hw_platform_0/ps7_init.tcl
targets -set -nocase -filter {name =~"APU*" && jtag_cable_name =~ "Digilent JTAG-HS1 210512180081"} -index 0
loadhw -hw D:/My_Code/GraduationProject/BPDecode2.0_v2018/BPDecode2.0_v2018/BPDecode2.0_v2018.sdk/system_wrapper_hw_platform_0/system.hdf -mem-ranges [list {0x40000000 0xbfffffff}]
configparams force-mem-access 1
targets -set -nocase -filter {name =~"APU*" && jtag_cable_name =~ "Digilent JTAG-HS1 210512180081"} -index 0
stop
ps7_init
ps7_post_config
targets -set -nocase -filter {name =~ "ARM*#0" && jtag_cable_name =~ "Digilent JTAG-HS1 210512180081"} -index 0
rst -processor
targets -set -nocase -filter {name =~ "ARM*#0" && jtag_cable_name =~ "Digilent JTAG-HS1 210512180081"} -index 0
dow D:/My_Code/GraduationProject/BPDecode2.0_v2018/BPDecode2.0_v2018/BPDecode2.0_v2018.sdk/LWIP_BPDecodeFinally/Debug/LWIP_BPDecodeFinally.elf
configparams force-mem-access 0
----------------End of Script----------------

20:14:21 INFO  : Memory regions updated for context APU
20:14:21 INFO  : Context for processor 'ps7_cortexa9_0' is selected.
20:14:21 INFO  : 'con' command is executed.
20:14:21 INFO  : ----------------XSDB Script (After Launch)----------------
targets -set -nocase -filter {name =~ "ARM*#0" && jtag_cable_name =~ "Digilent JTAG-HS1 210512180081"} -index 0
con
----------------End of Script----------------

20:14:21 INFO  : Launch script is exported to file 'D:\My_Code\GraduationProject\BPDecode2.0_v2018\BPDecode2.0_v2018\BPDecode2.0_v2018.sdk\.sdk\launch_scripts\xilinx_c-c++_application_(system_debugger)\system_debugger_using_debug_lwip_bpdecodefinally.elf_on_local.tcl'
20:15:02 INFO  : Disconnected from the channel tcfchan#7.
20:15:03 INFO  : Connected to target on host '127.0.0.1' and port '3121'.
20:15:04 INFO  : Jtag cable 'Digilent JTAG-HS1 210512180081' is selected.
20:15:04 INFO  : 'jtag frequency' command is executed.
20:15:04 INFO  : Sourcing of 'D:/My_Code/GraduationProject/BPDecode2.0_v2018/BPDecode2.0_v2018/BPDecode2.0_v2018.sdk/system_wrapper_hw_platform_0/ps7_init.tcl' is done.
20:15:04 INFO  : Context for 'APU' is selected.
20:15:04 INFO  : System reset is completed.
20:15:07 INFO  : 'after 3000' command is executed.
20:15:07 INFO  : 'targets -set -filter {jtag_cable_name =~ "Digilent JTAG-HS1 210512180081" && level==0} -index 1' command is executed.
20:15:10 INFO  : FPGA configured successfully with bitstream "D:/My_Code/GraduationProject/BPDecode2.0_v2018/BPDecode2.0_v2018/BPDecode2.0_v2018.sdk/system_wrapper_hw_platform_0/system_wrapper.bit"
20:15:10 INFO  : Context for 'APU' is selected.
20:15:12 INFO  : Hardware design information is loaded from 'D:/My_Code/GraduationProject/BPDecode2.0_v2018/BPDecode2.0_v2018/BPDecode2.0_v2018.sdk/system_wrapper_hw_platform_0/system.hdf'.
20:15:12 INFO  : 'configparams force-mem-access 1' command is executed.
20:15:12 INFO  : Context for 'APU' is selected.
20:15:12 INFO  : 'ps7_init' command is executed.
20:15:12 INFO  : 'ps7_post_config' command is executed.
20:15:12 INFO  : Context for processor 'ps7_cortexa9_0' is selected.
20:15:12 INFO  : The application 'D:/My_Code/GraduationProject/BPDecode2.0_v2018/BPDecode2.0_v2018/BPDecode2.0_v2018.sdk/LWIP_BPDecodeFinally/Debug/LWIP_BPDecodeFinally.elf' is downloaded to processor 'ps7_cortexa9_0'.
20:15:12 INFO  : 'configparams force-mem-access 0' command is executed.
20:15:12 INFO  : ----------------XSDB Script----------------
connect -url tcp:127.0.0.1:3121
source D:/My_Code/GraduationProject/BPDecode2.0_v2018/BPDecode2.0_v2018/BPDecode2.0_v2018.sdk/system_wrapper_hw_platform_0/ps7_init.tcl
targets -set -nocase -filter {name =~"APU*" && jtag_cable_name =~ "Digilent JTAG-HS1 210512180081"} -index 0
rst -system
after 3000
targets -set -filter {jtag_cable_name =~ "Digilent JTAG-HS1 210512180081" && level==0} -index 1
fpga -file D:/My_Code/GraduationProject/BPDecode2.0_v2018/BPDecode2.0_v2018/BPDecode2.0_v2018.sdk/system_wrapper_hw_platform_0/system_wrapper.bit
targets -set -nocase -filter {name =~"APU*" && jtag_cable_name =~ "Digilent JTAG-HS1 210512180081"} -index 0
loadhw -hw D:/My_Code/GraduationProject/BPDecode2.0_v2018/BPDecode2.0_v2018/BPDecode2.0_v2018.sdk/system_wrapper_hw_platform_0/system.hdf -mem-ranges [list {0x40000000 0xbfffffff}]
configparams force-mem-access 1
targets -set -nocase -filter {name =~"APU*" && jtag_cable_name =~ "Digilent JTAG-HS1 210512180081"} -index 0
ps7_init
ps7_post_config
targets -set -nocase -filter {name =~ "ARM*#0" && jtag_cable_name =~ "Digilent JTAG-HS1 210512180081"} -index 0
dow D:/My_Code/GraduationProject/BPDecode2.0_v2018/BPDecode2.0_v2018/BPDecode2.0_v2018.sdk/LWIP_BPDecodeFinally/Debug/LWIP_BPDecodeFinally.elf
configparams force-mem-access 0
----------------End of Script----------------

20:15:12 INFO  : Memory regions updated for context APU
20:15:12 INFO  : Context for processor 'ps7_cortexa9_0' is selected.
20:15:12 INFO  : 'con' command is executed.
20:15:12 INFO  : ----------------XSDB Script (After Launch)----------------
targets -set -nocase -filter {name =~ "ARM*#0" && jtag_cable_name =~ "Digilent JTAG-HS1 210512180081"} -index 0
con
----------------End of Script----------------

20:15:12 INFO  : Launch script is exported to file 'D:\My_Code\GraduationProject\BPDecode2.0_v2018\BPDecode2.0_v2018\BPDecode2.0_v2018.sdk\.sdk\launch_scripts\xilinx_c-c++_application_(system_debugger)\system_debugger_using_debug_lwip_bpdecodefinally.elf_on_local.tcl'
20:22:13 INFO  : SDK has detected change in the last modified timestamps for source hardware specification file Source:1622463718738,  Project:1622462427524
20:22:13 INFO  : Project system_wrapper_hw_platform_0's source hardware specification located at D:/My_Code/GraduationProject/BPDecode2.0_v2018/BPDecode2.0_v2018/BPDecode2.0_v2018.sdk/system_wrapper.hdf is now different from the local copy.
		 The local copy will be replaced with the source specification and your workspace will be updated.
20:22:15 INFO  : Copied contents of D:/My_Code/GraduationProject/BPDecode2.0_v2018/BPDecode2.0_v2018/BPDecode2.0_v2018.sdk/system_wrapper.hdf into \system_wrapper_hw_platform_0\system.hdf.
20:22:17 INFO  : Synchronizing projects in the workspace with the hardware platform specification changes.
20:22:19 INFO  : 
20:22:21 INFO  : 
20:22:21 INFO  : Updating hardware inferred compiler options for LWIP_BPDecodeFinally.
20:22:22 INFO  : Updating hardware inferred compiler options for LWIP_BPDecode.
20:22:22 INFO  : Clearing existing target manager status.
20:22:22 INFO  : Closing and re-opening the MSS file of ther project LWIP_BPDecode_bsp
20:22:23 INFO  : Closing and re-opening the MSS file of ther project LWIP_BPDecodeFinally_bsp
20:22:23 INFO  : Workspace synchronized with the new hardware specification file. Cleaning dependent projects...
20:22:28 WARN  : Linker script will not be updated automatically. Users need to update it manually.
20:24:05 INFO  : Connected to target on host '127.0.0.1' and port '3121'.
20:24:05 INFO  : Jtag cable 'Digilent JTAG-HS1 210512180081' is selected.
20:24:05 INFO  : 'jtag frequency' command is executed.
20:24:05 INFO  : Sourcing of 'D:/My_Code/GraduationProject/BPDecode2.0_v2018/BPDecode2.0_v2018/BPDecode2.0_v2018.sdk/system_wrapper_hw_platform_0/ps7_init.tcl' is done.
20:24:05 INFO  : Context for 'APU' is selected.
20:24:06 INFO  : System reset is completed.
20:24:09 INFO  : 'after 3000' command is executed.
20:24:09 INFO  : 'targets -set -filter {jtag_cable_name =~ "Digilent JTAG-HS1 210512180081" && level==0} -index 1' command is executed.
20:24:12 INFO  : FPGA configured successfully with bitstream "D:/My_Code/GraduationProject/BPDecode2.0_v2018/BPDecode2.0_v2018/BPDecode2.0_v2018.sdk/system_wrapper_hw_platform_0/system_wrapper.bit"
20:24:12 INFO  : Context for 'APU' is selected.
20:24:12 INFO  : Hardware design information is loaded from 'D:/My_Code/GraduationProject/BPDecode2.0_v2018/BPDecode2.0_v2018/BPDecode2.0_v2018.sdk/system_wrapper_hw_platform_0/system.hdf'.
20:24:12 INFO  : 'configparams force-mem-access 1' command is executed.
20:24:12 INFO  : Context for 'APU' is selected.
20:24:12 INFO  : 'ps7_init' command is executed.
20:24:12 INFO  : 'ps7_post_config' command is executed.
20:24:12 INFO  : Context for processor 'ps7_cortexa9_0' is selected.
20:24:13 INFO  : The application 'D:/My_Code/GraduationProject/BPDecode2.0_v2018/BPDecode2.0_v2018/BPDecode2.0_v2018.sdk/LWIP_BPDecode/Debug/LWIP_BPDecode.elf' is downloaded to processor 'ps7_cortexa9_0'.
20:24:13 INFO  : 'configparams force-mem-access 0' command is executed.
20:24:13 INFO  : ----------------XSDB Script----------------
connect -url tcp:127.0.0.1:3121
source D:/My_Code/GraduationProject/BPDecode2.0_v2018/BPDecode2.0_v2018/BPDecode2.0_v2018.sdk/system_wrapper_hw_platform_0/ps7_init.tcl
targets -set -nocase -filter {name =~"APU*" && jtag_cable_name =~ "Digilent JTAG-HS1 210512180081"} -index 0
rst -system
after 3000
targets -set -filter {jtag_cable_name =~ "Digilent JTAG-HS1 210512180081" && level==0} -index 1
fpga -file D:/My_Code/GraduationProject/BPDecode2.0_v2018/BPDecode2.0_v2018/BPDecode2.0_v2018.sdk/system_wrapper_hw_platform_0/system_wrapper.bit
targets -set -nocase -filter {name =~"APU*" && jtag_cable_name =~ "Digilent JTAG-HS1 210512180081"} -index 0
loadhw -hw D:/My_Code/GraduationProject/BPDecode2.0_v2018/BPDecode2.0_v2018/BPDecode2.0_v2018.sdk/system_wrapper_hw_platform_0/system.hdf -mem-ranges [list {0x40000000 0xbfffffff}]
configparams force-mem-access 1
targets -set -nocase -filter {name =~"APU*" && jtag_cable_name =~ "Digilent JTAG-HS1 210512180081"} -index 0
ps7_init
ps7_post_config
targets -set -nocase -filter {name =~ "ARM*#0" && jtag_cable_name =~ "Digilent JTAG-HS1 210512180081"} -index 0
dow D:/My_Code/GraduationProject/BPDecode2.0_v2018/BPDecode2.0_v2018/BPDecode2.0_v2018.sdk/LWIP_BPDecode/Debug/LWIP_BPDecode.elf
configparams force-mem-access 0
----------------End of Script----------------

20:24:13 INFO  : Memory regions updated for context APU
20:24:13 INFO  : Context for processor 'ps7_cortexa9_0' is selected.
20:24:13 INFO  : 'con' command is executed.
20:24:13 INFO  : ----------------XSDB Script (After Launch)----------------
targets -set -nocase -filter {name =~ "ARM*#0" && jtag_cable_name =~ "Digilent JTAG-HS1 210512180081"} -index 0
con
----------------End of Script----------------

20:24:13 INFO  : Launch script is exported to file 'D:\My_Code\GraduationProject\BPDecode2.0_v2018\BPDecode2.0_v2018\BPDecode2.0_v2018.sdk\.sdk\launch_scripts\xilinx_c-c++_application_(system_debugger)\system_debugger_using_debug_lwip_bpdecode.elf_on_local.tcl'
20:28:47 INFO  : Disconnected from the channel tcfchan#8.
20:28:48 INFO  : Connected to target on host '127.0.0.1' and port '3121'.
20:28:48 INFO  : Jtag cable 'Digilent JTAG-HS1 210512180081' is selected.
20:28:48 INFO  : 'jtag frequency' command is executed.
20:28:48 INFO  : Sourcing of 'D:/My_Code/GraduationProject/BPDecode2.0_v2018/BPDecode2.0_v2018/BPDecode2.0_v2018.sdk/system_wrapper_hw_platform_0/ps7_init.tcl' is done.
20:28:48 INFO  : Context for 'APU' is selected.
20:28:48 INFO  : System reset is completed.
20:28:51 INFO  : 'after 3000' command is executed.
20:28:52 INFO  : 'targets -set -filter {jtag_cable_name =~ "Digilent JTAG-HS1 210512180081" && level==0} -index 1' command is executed.
20:28:55 INFO  : FPGA configured successfully with bitstream "D:/My_Code/GraduationProject/BPDecode2.0_v2018/BPDecode2.0_v2018/BPDecode2.0_v2018.sdk/system_wrapper_hw_platform_0/system_wrapper.bit"
20:28:55 INFO  : Context for 'APU' is selected.
20:28:56 INFO  : Hardware design information is loaded from 'D:/My_Code/GraduationProject/BPDecode2.0_v2018/BPDecode2.0_v2018/BPDecode2.0_v2018.sdk/system_wrapper_hw_platform_0/system.hdf'.
20:28:56 INFO  : 'configparams force-mem-access 1' command is executed.
20:28:56 INFO  : Context for 'APU' is selected.
20:28:57 INFO  : 'ps7_init' command is executed.
20:28:57 INFO  : 'ps7_post_config' command is executed.
20:28:57 INFO  : Context for processor 'ps7_cortexa9_0' is selected.
20:28:57 INFO  : The application 'D:/My_Code/GraduationProject/BPDecode2.0_v2018/BPDecode2.0_v2018/BPDecode2.0_v2018.sdk/LWIP_BPDecode/Debug/LWIP_BPDecode.elf' is downloaded to processor 'ps7_cortexa9_0'.
20:28:57 INFO  : 'configparams force-mem-access 0' command is executed.
20:28:57 INFO  : ----------------XSDB Script----------------
connect -url tcp:127.0.0.1:3121
source D:/My_Code/GraduationProject/BPDecode2.0_v2018/BPDecode2.0_v2018/BPDecode2.0_v2018.sdk/system_wrapper_hw_platform_0/ps7_init.tcl
targets -set -nocase -filter {name =~"APU*" && jtag_cable_name =~ "Digilent JTAG-HS1 210512180081"} -index 0
rst -system
after 3000
targets -set -filter {jtag_cable_name =~ "Digilent JTAG-HS1 210512180081" && level==0} -index 1
fpga -file D:/My_Code/GraduationProject/BPDecode2.0_v2018/BPDecode2.0_v2018/BPDecode2.0_v2018.sdk/system_wrapper_hw_platform_0/system_wrapper.bit
targets -set -nocase -filter {name =~"APU*" && jtag_cable_name =~ "Digilent JTAG-HS1 210512180081"} -index 0
loadhw -hw D:/My_Code/GraduationProject/BPDecode2.0_v2018/BPDecode2.0_v2018/BPDecode2.0_v2018.sdk/system_wrapper_hw_platform_0/system.hdf -mem-ranges [list {0x40000000 0xbfffffff}]
configparams force-mem-access 1
targets -set -nocase -filter {name =~"APU*" && jtag_cable_name =~ "Digilent JTAG-HS1 210512180081"} -index 0
ps7_init
ps7_post_config
targets -set -nocase -filter {name =~ "ARM*#0" && jtag_cable_name =~ "Digilent JTAG-HS1 210512180081"} -index 0
dow D:/My_Code/GraduationProject/BPDecode2.0_v2018/BPDecode2.0_v2018/BPDecode2.0_v2018.sdk/LWIP_BPDecode/Debug/LWIP_BPDecode.elf
configparams force-mem-access 0
----------------End of Script----------------

20:28:57 INFO  : Memory regions updated for context APU
20:28:57 INFO  : Context for processor 'ps7_cortexa9_0' is selected.
20:28:57 INFO  : 'con' command is executed.
20:28:57 INFO  : ----------------XSDB Script (After Launch)----------------
targets -set -nocase -filter {name =~ "ARM*#0" && jtag_cable_name =~ "Digilent JTAG-HS1 210512180081"} -index 0
con
----------------End of Script----------------

20:28:57 INFO  : Launch script is exported to file 'D:\My_Code\GraduationProject\BPDecode2.0_v2018\BPDecode2.0_v2018\BPDecode2.0_v2018.sdk\.sdk\launch_scripts\xilinx_c-c++_application_(system_debugger)\system_debugger_using_debug_lwip_bpdecode.elf_on_local.tcl'
20:30:04 INFO  : Disconnected from the channel tcfchan#9.
20:30:05 INFO  : Connected to target on host '127.0.0.1' and port '3121'.
20:30:05 INFO  : Jtag cable 'Digilent JTAG-HS1 210512180081' is selected.
20:30:05 INFO  : 'jtag frequency' command is executed.
20:30:05 INFO  : Sourcing of 'D:/My_Code/GraduationProject/BPDecode2.0_v2018/BPDecode2.0_v2018/BPDecode2.0_v2018.sdk/system_wrapper_hw_platform_0/ps7_init.tcl' is done.
20:30:05 INFO  : Context for 'APU' is selected.
20:30:05 INFO  : System reset is completed.
20:30:08 INFO  : 'after 3000' command is executed.
20:30:08 INFO  : 'targets -set -filter {jtag_cable_name =~ "Digilent JTAG-HS1 210512180081" && level==0} -index 1' command is executed.
20:30:12 INFO  : FPGA configured successfully with bitstream "D:/My_Code/GraduationProject/BPDecode2.0_v2018/BPDecode2.0_v2018/BPDecode2.0_v2018.sdk/system_wrapper_hw_platform_0/system_wrapper.bit"
20:30:12 INFO  : Context for 'APU' is selected.
20:30:12 INFO  : Hardware design information is loaded from 'D:/My_Code/GraduationProject/BPDecode2.0_v2018/BPDecode2.0_v2018/BPDecode2.0_v2018.sdk/system_wrapper_hw_platform_0/system.hdf'.
20:30:12 INFO  : 'configparams force-mem-access 1' command is executed.
20:30:12 INFO  : Context for 'APU' is selected.
20:30:12 INFO  : 'ps7_init' command is executed.
20:30:12 INFO  : 'ps7_post_config' command is executed.
20:30:12 INFO  : Context for processor 'ps7_cortexa9_0' is selected.
20:30:12 INFO  : The application 'D:/My_Code/GraduationProject/BPDecode2.0_v2018/BPDecode2.0_v2018/BPDecode2.0_v2018.sdk/LWIP_BPDecode/Debug/LWIP_BPDecode.elf' is downloaded to processor 'ps7_cortexa9_0'.
20:30:12 INFO  : 'configparams force-mem-access 0' command is executed.
20:30:12 INFO  : ----------------XSDB Script----------------
connect -url tcp:127.0.0.1:3121
source D:/My_Code/GraduationProject/BPDecode2.0_v2018/BPDecode2.0_v2018/BPDecode2.0_v2018.sdk/system_wrapper_hw_platform_0/ps7_init.tcl
targets -set -nocase -filter {name =~"APU*" && jtag_cable_name =~ "Digilent JTAG-HS1 210512180081"} -index 0
rst -system
after 3000
targets -set -filter {jtag_cable_name =~ "Digilent JTAG-HS1 210512180081" && level==0} -index 1
fpga -file D:/My_Code/GraduationProject/BPDecode2.0_v2018/BPDecode2.0_v2018/BPDecode2.0_v2018.sdk/system_wrapper_hw_platform_0/system_wrapper.bit
targets -set -nocase -filter {name =~"APU*" && jtag_cable_name =~ "Digilent JTAG-HS1 210512180081"} -index 0
loadhw -hw D:/My_Code/GraduationProject/BPDecode2.0_v2018/BPDecode2.0_v2018/BPDecode2.0_v2018.sdk/system_wrapper_hw_platform_0/system.hdf -mem-ranges [list {0x40000000 0xbfffffff}]
configparams force-mem-access 1
targets -set -nocase -filter {name =~"APU*" && jtag_cable_name =~ "Digilent JTAG-HS1 210512180081"} -index 0
ps7_init
ps7_post_config
targets -set -nocase -filter {name =~ "ARM*#0" && jtag_cable_name =~ "Digilent JTAG-HS1 210512180081"} -index 0
dow D:/My_Code/GraduationProject/BPDecode2.0_v2018/BPDecode2.0_v2018/BPDecode2.0_v2018.sdk/LWIP_BPDecode/Debug/LWIP_BPDecode.elf
configparams force-mem-access 0
----------------End of Script----------------

20:30:13 INFO  : Memory regions updated for context APU
20:30:13 INFO  : Context for processor 'ps7_cortexa9_0' is selected.
20:30:13 INFO  : 'con' command is executed.
20:30:13 INFO  : ----------------XSDB Script (After Launch)----------------
targets -set -nocase -filter {name =~ "ARM*#0" && jtag_cable_name =~ "Digilent JTAG-HS1 210512180081"} -index 0
con
----------------End of Script----------------

20:30:13 INFO  : Launch script is exported to file 'D:\My_Code\GraduationProject\BPDecode2.0_v2018\BPDecode2.0_v2018\BPDecode2.0_v2018.sdk\.sdk\launch_scripts\xilinx_c-c++_application_(system_debugger)\system_debugger_using_debug_lwip_bpdecode.elf_on_local.tcl'
20:31:45 INFO  : Disconnected from the channel tcfchan#10.
20:31:46 INFO  : Connected to target on host '127.0.0.1' and port '3121'.
20:31:46 INFO  : Jtag cable 'Digilent JTAG-HS1 210512180081' is selected.
20:31:46 INFO  : 'jtag frequency' command is executed.
20:31:46 INFO  : Sourcing of 'D:/My_Code/GraduationProject/BPDecode2.0_v2018/BPDecode2.0_v2018/BPDecode2.0_v2018.sdk/system_wrapper_hw_platform_0/ps7_init.tcl' is done.
20:31:46 INFO  : Context for 'APU' is selected.
20:31:46 INFO  : System reset is completed.
20:31:49 INFO  : 'after 3000' command is executed.
20:31:49 INFO  : 'targets -set -filter {jtag_cable_name =~ "Digilent JTAG-HS1 210512180081" && level==0} -index 1' command is executed.
20:31:53 INFO  : FPGA configured successfully with bitstream "D:/My_Code/GraduationProject/BPDecode2.0_v2018/BPDecode2.0_v2018/BPDecode2.0_v2018.sdk/system_wrapper_hw_platform_0/system_wrapper.bit"
20:31:53 INFO  : Context for 'APU' is selected.
20:31:53 INFO  : Hardware design information is loaded from 'D:/My_Code/GraduationProject/BPDecode2.0_v2018/BPDecode2.0_v2018/BPDecode2.0_v2018.sdk/system_wrapper_hw_platform_0/system.hdf'.
20:31:53 INFO  : 'configparams force-mem-access 1' command is executed.
20:31:53 INFO  : Context for 'APU' is selected.
20:31:53 INFO  : 'ps7_init' command is executed.
20:31:53 INFO  : 'ps7_post_config' command is executed.
20:31:53 INFO  : Context for processor 'ps7_cortexa9_0' is selected.
20:31:54 INFO  : The application 'D:/My_Code/GraduationProject/BPDecode2.0_v2018/BPDecode2.0_v2018/BPDecode2.0_v2018.sdk/LWIP_BPDecode/Debug/LWIP_BPDecode.elf' is downloaded to processor 'ps7_cortexa9_0'.
20:31:54 INFO  : 'configparams force-mem-access 0' command is executed.
20:31:54 INFO  : ----------------XSDB Script----------------
connect -url tcp:127.0.0.1:3121
source D:/My_Code/GraduationProject/BPDecode2.0_v2018/BPDecode2.0_v2018/BPDecode2.0_v2018.sdk/system_wrapper_hw_platform_0/ps7_init.tcl
targets -set -nocase -filter {name =~"APU*" && jtag_cable_name =~ "Digilent JTAG-HS1 210512180081"} -index 0
rst -system
after 3000
targets -set -filter {jtag_cable_name =~ "Digilent JTAG-HS1 210512180081" && level==0} -index 1
fpga -file D:/My_Code/GraduationProject/BPDecode2.0_v2018/BPDecode2.0_v2018/BPDecode2.0_v2018.sdk/system_wrapper_hw_platform_0/system_wrapper.bit
targets -set -nocase -filter {name =~"APU*" && jtag_cable_name =~ "Digilent JTAG-HS1 210512180081"} -index 0
loadhw -hw D:/My_Code/GraduationProject/BPDecode2.0_v2018/BPDecode2.0_v2018/BPDecode2.0_v2018.sdk/system_wrapper_hw_platform_0/system.hdf -mem-ranges [list {0x40000000 0xbfffffff}]
configparams force-mem-access 1
targets -set -nocase -filter {name =~"APU*" && jtag_cable_name =~ "Digilent JTAG-HS1 210512180081"} -index 0
ps7_init
ps7_post_config
targets -set -nocase -filter {name =~ "ARM*#0" && jtag_cable_name =~ "Digilent JTAG-HS1 210512180081"} -index 0
dow D:/My_Code/GraduationProject/BPDecode2.0_v2018/BPDecode2.0_v2018/BPDecode2.0_v2018.sdk/LWIP_BPDecode/Debug/LWIP_BPDecode.elf
configparams force-mem-access 0
----------------End of Script----------------

20:31:54 INFO  : Memory regions updated for context APU
20:31:54 INFO  : Context for processor 'ps7_cortexa9_0' is selected.
20:31:54 INFO  : 'con' command is executed.
20:31:54 INFO  : ----------------XSDB Script (After Launch)----------------
targets -set -nocase -filter {name =~ "ARM*#0" && jtag_cable_name =~ "Digilent JTAG-HS1 210512180081"} -index 0
con
----------------End of Script----------------

20:31:54 INFO  : Launch script is exported to file 'D:\My_Code\GraduationProject\BPDecode2.0_v2018\BPDecode2.0_v2018\BPDecode2.0_v2018.sdk\.sdk\launch_scripts\xilinx_c-c++_application_(system_debugger)\system_debugger_using_debug_lwip_bpdecode.elf_on_local.tcl'
20:32:48 INFO  : Disconnected from the channel tcfchan#11.
20:32:49 INFO  : Connected to target on host '127.0.0.1' and port '3121'.
20:32:50 INFO  : Jtag cable 'Digilent JTAG-HS1 210512180081' is selected.
20:32:50 INFO  : 'jtag frequency' command is executed.
20:32:50 INFO  : Sourcing of 'D:/My_Code/GraduationProject/BPDecode2.0_v2018/BPDecode2.0_v2018/BPDecode2.0_v2018.sdk/system_wrapper_hw_platform_0/ps7_init.tcl' is done.
20:32:50 INFO  : Context for 'APU' is selected.
20:32:50 INFO  : System reset is completed.
20:32:53 INFO  : 'after 3000' command is executed.
20:32:53 INFO  : 'targets -set -filter {jtag_cable_name =~ "Digilent JTAG-HS1 210512180081" && level==0} -index 1' command is executed.
20:32:56 INFO  : FPGA configured successfully with bitstream "D:/My_Code/GraduationProject/BPDecode2.0_v2018/BPDecode2.0_v2018/BPDecode2.0_v2018.sdk/system_wrapper_hw_platform_0/system_wrapper.bit"
20:32:56 INFO  : Context for 'APU' is selected.
20:32:56 INFO  : Hardware design information is loaded from 'D:/My_Code/GraduationProject/BPDecode2.0_v2018/BPDecode2.0_v2018/BPDecode2.0_v2018.sdk/system_wrapper_hw_platform_0/system.hdf'.
20:32:56 INFO  : 'configparams force-mem-access 1' command is executed.
20:32:56 INFO  : Context for 'APU' is selected.
20:32:57 INFO  : 'ps7_init' command is executed.
20:32:57 INFO  : 'ps7_post_config' command is executed.
20:32:57 INFO  : Context for processor 'ps7_cortexa9_0' is selected.
20:32:57 INFO  : The application 'D:/My_Code/GraduationProject/BPDecode2.0_v2018/BPDecode2.0_v2018/BPDecode2.0_v2018.sdk/LWIP_BPDecode/Debug/LWIP_BPDecode.elf' is downloaded to processor 'ps7_cortexa9_0'.
20:32:57 INFO  : 'configparams force-mem-access 0' command is executed.
20:32:57 INFO  : ----------------XSDB Script----------------
connect -url tcp:127.0.0.1:3121
source D:/My_Code/GraduationProject/BPDecode2.0_v2018/BPDecode2.0_v2018/BPDecode2.0_v2018.sdk/system_wrapper_hw_platform_0/ps7_init.tcl
targets -set -nocase -filter {name =~"APU*" && jtag_cable_name =~ "Digilent JTAG-HS1 210512180081"} -index 0
rst -system
after 3000
targets -set -filter {jtag_cable_name =~ "Digilent JTAG-HS1 210512180081" && level==0} -index 1
fpga -file D:/My_Code/GraduationProject/BPDecode2.0_v2018/BPDecode2.0_v2018/BPDecode2.0_v2018.sdk/system_wrapper_hw_platform_0/system_wrapper.bit
targets -set -nocase -filter {name =~"APU*" && jtag_cable_name =~ "Digilent JTAG-HS1 210512180081"} -index 0
loadhw -hw D:/My_Code/GraduationProject/BPDecode2.0_v2018/BPDecode2.0_v2018/BPDecode2.0_v2018.sdk/system_wrapper_hw_platform_0/system.hdf -mem-ranges [list {0x40000000 0xbfffffff}]
configparams force-mem-access 1
targets -set -nocase -filter {name =~"APU*" && jtag_cable_name =~ "Digilent JTAG-HS1 210512180081"} -index 0
ps7_init
ps7_post_config
targets -set -nocase -filter {name =~ "ARM*#0" && jtag_cable_name =~ "Digilent JTAG-HS1 210512180081"} -index 0
dow D:/My_Code/GraduationProject/BPDecode2.0_v2018/BPDecode2.0_v2018/BPDecode2.0_v2018.sdk/LWIP_BPDecode/Debug/LWIP_BPDecode.elf
configparams force-mem-access 0
----------------End of Script----------------

20:32:57 INFO  : Memory regions updated for context APU
20:32:57 INFO  : Context for processor 'ps7_cortexa9_0' is selected.
20:32:57 INFO  : 'con' command is executed.
20:32:57 INFO  : ----------------XSDB Script (After Launch)----------------
targets -set -nocase -filter {name =~ "ARM*#0" && jtag_cable_name =~ "Digilent JTAG-HS1 210512180081"} -index 0
con
----------------End of Script----------------

20:32:57 INFO  : Launch script is exported to file 'D:\My_Code\GraduationProject\BPDecode2.0_v2018\BPDecode2.0_v2018\BPDecode2.0_v2018.sdk\.sdk\launch_scripts\xilinx_c-c++_application_(system_debugger)\system_debugger_using_debug_lwip_bpdecode.elf_on_local.tcl'
20:36:46 INFO  : Disconnected from the channel tcfchan#12.
20:36:47 INFO  : Connected to target on host '127.0.0.1' and port '3121'.
20:36:47 INFO  : Jtag cable 'Digilent JTAG-HS1 210512180081' is selected.
20:36:47 INFO  : 'jtag frequency' command is executed.
20:36:47 INFO  : Sourcing of 'D:/My_Code/GraduationProject/BPDecode2.0_v2018/BPDecode2.0_v2018/BPDecode2.0_v2018.sdk/system_wrapper_hw_platform_0/ps7_init.tcl' is done.
20:36:47 INFO  : Context for 'APU' is selected.
20:36:47 INFO  : System reset is completed.
20:36:50 INFO  : 'after 3000' command is executed.
20:36:50 INFO  : 'targets -set -filter {jtag_cable_name =~ "Digilent JTAG-HS1 210512180081" && level==0} -index 1' command is executed.
20:36:53 INFO  : FPGA configured successfully with bitstream "D:/My_Code/GraduationProject/BPDecode2.0_v2018/BPDecode2.0_v2018/BPDecode2.0_v2018.sdk/system_wrapper_hw_platform_0/system_wrapper.bit"
20:36:53 INFO  : Context for 'APU' is selected.
20:36:53 INFO  : Hardware design information is loaded from 'D:/My_Code/GraduationProject/BPDecode2.0_v2018/BPDecode2.0_v2018/BPDecode2.0_v2018.sdk/system_wrapper_hw_platform_0/system.hdf'.
20:36:53 INFO  : 'configparams force-mem-access 1' command is executed.
20:36:53 INFO  : Context for 'APU' is selected.
20:36:54 INFO  : 'ps7_init' command is executed.
20:36:54 INFO  : 'ps7_post_config' command is executed.
20:36:54 INFO  : Context for processor 'ps7_cortexa9_0' is selected.
20:36:54 INFO  : The application 'D:/My_Code/GraduationProject/BPDecode2.0_v2018/BPDecode2.0_v2018/BPDecode2.0_v2018.sdk/LWIP_BPDecode/Debug/LWIP_BPDecode.elf' is downloaded to processor 'ps7_cortexa9_0'.
20:36:54 INFO  : 'configparams force-mem-access 0' command is executed.
20:36:54 INFO  : ----------------XSDB Script----------------
connect -url tcp:127.0.0.1:3121
source D:/My_Code/GraduationProject/BPDecode2.0_v2018/BPDecode2.0_v2018/BPDecode2.0_v2018.sdk/system_wrapper_hw_platform_0/ps7_init.tcl
targets -set -nocase -filter {name =~"APU*" && jtag_cable_name =~ "Digilent JTAG-HS1 210512180081"} -index 0
rst -system
after 3000
targets -set -filter {jtag_cable_name =~ "Digilent JTAG-HS1 210512180081" && level==0} -index 1
fpga -file D:/My_Code/GraduationProject/BPDecode2.0_v2018/BPDecode2.0_v2018/BPDecode2.0_v2018.sdk/system_wrapper_hw_platform_0/system_wrapper.bit
targets -set -nocase -filter {name =~"APU*" && jtag_cable_name =~ "Digilent JTAG-HS1 210512180081"} -index 0
loadhw -hw D:/My_Code/GraduationProject/BPDecode2.0_v2018/BPDecode2.0_v2018/BPDecode2.0_v2018.sdk/system_wrapper_hw_platform_0/system.hdf -mem-ranges [list {0x40000000 0xbfffffff}]
configparams force-mem-access 1
targets -set -nocase -filter {name =~"APU*" && jtag_cable_name =~ "Digilent JTAG-HS1 210512180081"} -index 0
ps7_init
ps7_post_config
targets -set -nocase -filter {name =~ "ARM*#0" && jtag_cable_name =~ "Digilent JTAG-HS1 210512180081"} -index 0
dow D:/My_Code/GraduationProject/BPDecode2.0_v2018/BPDecode2.0_v2018/BPDecode2.0_v2018.sdk/LWIP_BPDecode/Debug/LWIP_BPDecode.elf
configparams force-mem-access 0
----------------End of Script----------------

20:36:54 INFO  : Memory regions updated for context APU
20:36:54 INFO  : Context for processor 'ps7_cortexa9_0' is selected.
20:36:54 INFO  : 'con' command is executed.
20:36:54 INFO  : ----------------XSDB Script (After Launch)----------------
targets -set -nocase -filter {name =~ "ARM*#0" && jtag_cable_name =~ "Digilent JTAG-HS1 210512180081"} -index 0
con
----------------End of Script----------------

20:36:54 INFO  : Launch script is exported to file 'D:\My_Code\GraduationProject\BPDecode2.0_v2018\BPDecode2.0_v2018\BPDecode2.0_v2018.sdk\.sdk\launch_scripts\xilinx_c-c++_application_(system_debugger)\system_debugger_using_debug_lwip_bpdecode.elf_on_local.tcl'
20:45:27 INFO  : Refreshed build settings on project LWIP_BPDecode
20:50:04 INFO  : Invoking Bootgen: bootgen -image output.bif -arch zynq -o D:\My_Code\GraduationProject\BPDecode2.0_v2018\BPDecode2.0_v2018\BPDecode2.0_v2018.sdk\FSBL\BOOT.bin
20:50:04 INFO  : Creating new bif file D:\My_Code\GraduationProject\BPDecode2.0_v2018\BPDecode2.0_v2018\BPDecode2.0_v2018.sdk\FSBL\output.bif
20:50:06 INFO  : Bootgen command execution is done.
21:00:38 WARN  : channel "tcfchan#8" closed
21:00:38 INFO  : Disconnected from the channel tcfchan#13.
16:57:11 INFO  : Registering command handlers for SDK TCF services
16:57:11 INFO  : Launching XSCT server: xsct.bat -interactive D:\My_Code\GraduationProject\BPDecode2.0_v2018\BPDecode2.0_v2018\BPDecode2.0_v2018.sdk\temp_xsdb_launch_script.tcl
16:57:13 INFO  : XSCT server has started successfully.
16:57:13 INFO  : Successfully done setting XSCT server connection channel  
16:57:14 INFO  : Successfully done setting SDK workspace  
16:57:14 INFO  : Processing command line option -hwspec D:/My_Code/GraduationProject/BPDecode2.0_v2018/BPDecode2.0_v2018/BPDecode2.0_v2018.sdk/system_wrapper.hdf.
16:57:14 INFO  : Checking for hwspec changes in the project system_wrapper_hw_platform_0.
