15:38:00 INFO  : Registering command handlers for SDK TCF services
15:38:01 INFO  : Launching XSCT server: xsct.bat -interactive D:\My_Code\GraduationProject\BPDecode_v2018\BPDecode_v2018.sdk\temp_xsdb_launch_script.tcl
15:38:03 INFO  : XSCT server has started successfully.
15:38:03 INFO  : Successfully done setting XSCT server connection channel  
15:38:03 INFO  : Successfully done setting SDK workspace  
15:38:03 INFO  : Processing command line option -hwspec D:/My_Code/GraduationProject/BPDecode_v2018/BPDecode_v2018.sdk/system_wrapper.hdf.
16:03:39 INFO  : 'targets -set -filter {jtag_cable_name =~ "Digilent JTAG-HS1 210512180081" && level==0} -index 1' command is executed.
16:03:39 INFO  : 'fpga -state' command is executed.
16:03:41 INFO  : Memory regions updated for context APU
16:03:50 INFO  : Connected to target on host '127.0.0.1' and port '3121'.
16:03:50 INFO  : Jtag cable 'Digilent JTAG-HS1 210512180081' is selected.
16:03:50 INFO  : 'jtag frequency' command is executed.
16:03:50 INFO  : Sourcing of 'D:/My_Code/GraduationProject/BPDecode_v2018/BPDecode_v2018.sdk/system_wrapper_hw_platform_0/ps7_init.tcl' is done.
16:03:50 INFO  : Context for 'APU' is selected.
16:03:50 INFO  : System reset is completed.
16:03:53 INFO  : 'after 3000' command is executed.
16:03:53 INFO  : 'targets -set -filter {jtag_cable_name =~ "Digilent JTAG-HS1 210512180081" && level==0} -index 1' command is executed.
16:03:56 INFO  : FPGA configured successfully with bitstream "D:/My_Code/GraduationProject/BPDecode_v2018/BPDecode_v2018.sdk/system_wrapper_hw_platform_0/system_wrapper.bit"
16:03:56 INFO  : Context for 'APU' is selected.
16:03:56 INFO  : Hardware design information is loaded from 'D:/My_Code/GraduationProject/BPDecode_v2018/BPDecode_v2018.sdk/system_wrapper_hw_platform_0/system.hdf'.
16:03:56 INFO  : 'configparams force-mem-access 1' command is executed.
16:03:56 INFO  : Context for 'APU' is selected.
16:03:57 INFO  : 'ps7_init' command is executed.
16:03:57 INFO  : 'ps7_post_config' command is executed.
16:03:57 INFO  : Context for processor 'ps7_cortexa9_0' is selected.
16:03:57 INFO  : The application 'D:/My_Code/GraduationProject/BPDecode_v2018/BPDecode_v2018.sdk/base_bp_test/Debug/base_bp_test.elf' is downloaded to processor 'ps7_cortexa9_0'.
16:03:57 INFO  : 'configparams force-mem-access 0' command is executed.
16:03:57 INFO  : ----------------XSDB Script----------------
connect -url tcp:127.0.0.1:3121
source D:/My_Code/GraduationProject/BPDecode_v2018/BPDecode_v2018.sdk/system_wrapper_hw_platform_0/ps7_init.tcl
targets -set -nocase -filter {name =~"APU*" && jtag_cable_name =~ "Digilent JTAG-HS1 210512180081"} -index 0
rst -system
after 3000
targets -set -filter {jtag_cable_name =~ "Digilent JTAG-HS1 210512180081" && level==0} -index 1
fpga -file D:/My_Code/GraduationProject/BPDecode_v2018/BPDecode_v2018.sdk/system_wrapper_hw_platform_0/system_wrapper.bit
targets -set -nocase -filter {name =~"APU*" && jtag_cable_name =~ "Digilent JTAG-HS1 210512180081"} -index 0
loadhw -hw D:/My_Code/GraduationProject/BPDecode_v2018/BPDecode_v2018.sdk/system_wrapper_hw_platform_0/system.hdf -mem-ranges [list {0x40000000 0xbfffffff}]
configparams force-mem-access 1
targets -set -nocase -filter {name =~"APU*" && jtag_cable_name =~ "Digilent JTAG-HS1 210512180081"} -index 0
ps7_init
ps7_post_config
targets -set -nocase -filter {name =~ "ARM*#0" && jtag_cable_name =~ "Digilent JTAG-HS1 210512180081"} -index 0
dow D:/My_Code/GraduationProject/BPDecode_v2018/BPDecode_v2018.sdk/base_bp_test/Debug/base_bp_test.elf
configparams force-mem-access 0
----------------End of Script----------------

16:03:57 INFO  : Memory regions updated for context APU
16:03:57 INFO  : Context for processor 'ps7_cortexa9_0' is selected.
16:03:57 INFO  : 'con' command is executed.
16:03:57 INFO  : ----------------XSDB Script (After Launch)----------------
targets -set -nocase -filter {name =~ "ARM*#0" && jtag_cable_name =~ "Digilent JTAG-HS1 210512180081"} -index 0
con
----------------End of Script----------------

16:03:57 INFO  : Launch script is exported to file 'D:\My_Code\GraduationProject\BPDecode_v2018\BPDecode_v2018.sdk\.sdk\launch_scripts\xilinx_c-c++_application_(system_debugger)\system_debugger_using_debug_base_bp_test.elf_on_local.tcl'
16:04:31 INFO  : Disconnected from the channel tcfchan#1.
16:04:32 INFO  : Connected to target on host '127.0.0.1' and port '3121'.
16:04:32 INFO  : Jtag cable 'Digilent JTAG-HS1 210512180081' is selected.
16:04:32 INFO  : 'jtag frequency' command is executed.
16:04:32 INFO  : Sourcing of 'D:/My_Code/GraduationProject/BPDecode_v2018/BPDecode_v2018.sdk/system_wrapper_hw_platform_0/ps7_init.tcl' is done.
16:04:33 INFO  : Context for 'APU' is selected.
16:04:33 INFO  : System reset is completed.
16:04:36 INFO  : 'after 3000' command is executed.
16:04:36 INFO  : 'targets -set -filter {jtag_cable_name =~ "Digilent JTAG-HS1 210512180081" && level==0} -index 1' command is executed.
16:04:39 INFO  : FPGA configured successfully with bitstream "D:/My_Code/GraduationProject/BPDecode_v2018/BPDecode_v2018.sdk/system_wrapper_hw_platform_0/system_wrapper.bit"
16:04:39 INFO  : Context for 'APU' is selected.
16:04:41 INFO  : Hardware design information is loaded from 'D:/My_Code/GraduationProject/BPDecode_v2018/BPDecode_v2018.sdk/system_wrapper_hw_platform_0/system.hdf'.
16:04:41 INFO  : 'configparams force-mem-access 1' command is executed.
16:04:41 INFO  : Context for 'APU' is selected.
16:04:41 INFO  : 'ps7_init' command is executed.
16:04:41 INFO  : 'ps7_post_config' command is executed.
16:04:41 INFO  : Context for processor 'ps7_cortexa9_0' is selected.
16:04:41 INFO  : The application 'D:/My_Code/GraduationProject/BPDecode_v2018/BPDecode_v2018.sdk/base_bp_test/Debug/base_bp_test.elf' is downloaded to processor 'ps7_cortexa9_0'.
16:04:41 INFO  : 'configparams force-mem-access 0' command is executed.
16:04:41 INFO  : ----------------XSDB Script----------------
connect -url tcp:127.0.0.1:3121
source D:/My_Code/GraduationProject/BPDecode_v2018/BPDecode_v2018.sdk/system_wrapper_hw_platform_0/ps7_init.tcl
targets -set -nocase -filter {name =~"APU*" && jtag_cable_name =~ "Digilent JTAG-HS1 210512180081"} -index 0
rst -system
after 3000
targets -set -filter {jtag_cable_name =~ "Digilent JTAG-HS1 210512180081" && level==0} -index 1
fpga -file D:/My_Code/GraduationProject/BPDecode_v2018/BPDecode_v2018.sdk/system_wrapper_hw_platform_0/system_wrapper.bit
targets -set -nocase -filter {name =~"APU*" && jtag_cable_name =~ "Digilent JTAG-HS1 210512180081"} -index 0
loadhw -hw D:/My_Code/GraduationProject/BPDecode_v2018/BPDecode_v2018.sdk/system_wrapper_hw_platform_0/system.hdf -mem-ranges [list {0x40000000 0xbfffffff}]
configparams force-mem-access 1
targets -set -nocase -filter {name =~"APU*" && jtag_cable_name =~ "Digilent JTAG-HS1 210512180081"} -index 0
ps7_init
ps7_post_config
targets -set -nocase -filter {name =~ "ARM*#0" && jtag_cable_name =~ "Digilent JTAG-HS1 210512180081"} -index 0
dow D:/My_Code/GraduationProject/BPDecode_v2018/BPDecode_v2018.sdk/base_bp_test/Debug/base_bp_test.elf
configparams force-mem-access 0
----------------End of Script----------------

16:04:41 INFO  : Memory regions updated for context APU
16:04:41 INFO  : Context for processor 'ps7_cortexa9_0' is selected.
16:04:41 INFO  : 'con' command is executed.
16:04:41 INFO  : ----------------XSDB Script (After Launch)----------------
targets -set -nocase -filter {name =~ "ARM*#0" && jtag_cable_name =~ "Digilent JTAG-HS1 210512180081"} -index 0
con
----------------End of Script----------------

16:04:41 INFO  : Launch script is exported to file 'D:\My_Code\GraduationProject\BPDecode_v2018\BPDecode_v2018.sdk\.sdk\launch_scripts\xilinx_c-c++_application_(system_debugger)\system_debugger_using_debug_base_bp_test.elf_on_local.tcl'
16:16:51 INFO  : Disconnected from the channel tcfchan#2.
16:16:52 INFO  : Connected to target on host '127.0.0.1' and port '3121'.
16:16:52 INFO  : Jtag cable 'Digilent JTAG-HS1 210512180081' is selected.
16:16:52 INFO  : 'jtag frequency' command is executed.
16:16:52 INFO  : Sourcing of 'D:/My_Code/GraduationProject/BPDecode_v2018/BPDecode_v2018.sdk/system_wrapper_hw_platform_0/ps7_init.tcl' is done.
16:16:52 INFO  : Context for 'APU' is selected.
16:16:52 INFO  : System reset is completed.
16:16:55 INFO  : 'after 3000' command is executed.
16:16:55 INFO  : 'targets -set -filter {jtag_cable_name =~ "Digilent JTAG-HS1 210512180081" && level==0} -index 1' command is executed.
16:16:58 INFO  : FPGA configured successfully with bitstream "D:/My_Code/GraduationProject/BPDecode_v2018/BPDecode_v2018.sdk/system_wrapper_hw_platform_0/system_wrapper.bit"
16:16:58 INFO  : Context for 'APU' is selected.
16:17:00 INFO  : Hardware design information is loaded from 'D:/My_Code/GraduationProject/BPDecode_v2018/BPDecode_v2018.sdk/system_wrapper_hw_platform_0/system.hdf'.
16:17:00 INFO  : 'configparams force-mem-access 1' command is executed.
16:17:00 INFO  : Context for 'APU' is selected.
16:17:00 INFO  : 'ps7_init' command is executed.
16:17:00 INFO  : 'ps7_post_config' command is executed.
16:17:00 INFO  : Context for processor 'ps7_cortexa9_0' is selected.
16:17:01 INFO  : The application 'D:/My_Code/GraduationProject/BPDecode_v2018/BPDecode_v2018.sdk/base_bp_test/Debug/base_bp_test.elf' is downloaded to processor 'ps7_cortexa9_0'.
16:17:01 INFO  : 'configparams force-mem-access 0' command is executed.
16:17:01 INFO  : ----------------XSDB Script----------------
connect -url tcp:127.0.0.1:3121
source D:/My_Code/GraduationProject/BPDecode_v2018/BPDecode_v2018.sdk/system_wrapper_hw_platform_0/ps7_init.tcl
targets -set -nocase -filter {name =~"APU*" && jtag_cable_name =~ "Digilent JTAG-HS1 210512180081"} -index 0
rst -system
after 3000
targets -set -filter {jtag_cable_name =~ "Digilent JTAG-HS1 210512180081" && level==0} -index 1
fpga -file D:/My_Code/GraduationProject/BPDecode_v2018/BPDecode_v2018.sdk/system_wrapper_hw_platform_0/system_wrapper.bit
targets -set -nocase -filter {name =~"APU*" && jtag_cable_name =~ "Digilent JTAG-HS1 210512180081"} -index 0
loadhw -hw D:/My_Code/GraduationProject/BPDecode_v2018/BPDecode_v2018.sdk/system_wrapper_hw_platform_0/system.hdf -mem-ranges [list {0x40000000 0xbfffffff}]
configparams force-mem-access 1
targets -set -nocase -filter {name =~"APU*" && jtag_cable_name =~ "Digilent JTAG-HS1 210512180081"} -index 0
ps7_init
ps7_post_config
targets -set -nocase -filter {name =~ "ARM*#0" && jtag_cable_name =~ "Digilent JTAG-HS1 210512180081"} -index 0
dow D:/My_Code/GraduationProject/BPDecode_v2018/BPDecode_v2018.sdk/base_bp_test/Debug/base_bp_test.elf
configparams force-mem-access 0
----------------End of Script----------------

16:17:01 INFO  : Memory regions updated for context APU
16:17:01 INFO  : Context for processor 'ps7_cortexa9_0' is selected.
16:17:01 INFO  : 'con' command is executed.
16:17:01 INFO  : ----------------XSDB Script (After Launch)----------------
targets -set -nocase -filter {name =~ "ARM*#0" && jtag_cable_name =~ "Digilent JTAG-HS1 210512180081"} -index 0
con
----------------End of Script----------------

16:17:01 INFO  : Launch script is exported to file 'D:\My_Code\GraduationProject\BPDecode_v2018\BPDecode_v2018.sdk\.sdk\launch_scripts\xilinx_c-c++_application_(system_debugger)\system_debugger_using_debug_base_bp_test.elf_on_local.tcl'
16:17:54 INFO  : Disconnected from the channel tcfchan#3.
16:17:55 INFO  : 'targets -set -filter {jtag_cable_name =~ "Digilent JTAG-HS1 210512180081" && level==0} -index 1' command is executed.
16:17:55 INFO  : 'fpga -state' command is executed.
16:17:55 INFO  : Connected to target on host '127.0.0.1' and port '3121'.
16:17:55 INFO  : Jtag cable 'Digilent JTAG-HS1 210512180081' is selected.
16:17:55 INFO  : 'jtag frequency' command is executed.
16:17:55 INFO  : Sourcing of 'D:/My_Code/GraduationProject/BPDecode_v2018/BPDecode_v2018.sdk/system_wrapper_hw_platform_0/ps7_init.tcl' is done.
16:17:55 INFO  : Context for 'APU' is selected.
16:17:56 INFO  : Hardware design information is loaded from 'D:/My_Code/GraduationProject/BPDecode_v2018/BPDecode_v2018.sdk/system_wrapper_hw_platform_0/system.hdf'.
16:17:56 INFO  : 'configparams force-mem-access 1' command is executed.
16:17:57 INFO  : Context for 'APU' is selected.
16:17:57 INFO  : 'stop' command is executed.
16:17:57 INFO  : 'ps7_init' command is executed.
16:17:57 INFO  : 'ps7_post_config' command is executed.
16:17:57 INFO  : Context for processor 'ps7_cortexa9_0' is selected.
16:17:57 INFO  : Processor reset is completed for 'ps7_cortexa9_0'.
16:17:57 INFO  : Context for processor 'ps7_cortexa9_0' is selected.
16:17:57 INFO  : The application 'D:/My_Code/GraduationProject/BPDecode_v2018/BPDecode_v2018.sdk/LwipDecode/Debug/LwipDecode.elf' is downloaded to processor 'ps7_cortexa9_0'.
16:17:57 INFO  : 'configparams force-mem-access 0' command is executed.
16:17:57 INFO  : ----------------XSDB Script----------------
connect -url tcp:127.0.0.1:3121
source D:/My_Code/GraduationProject/BPDecode_v2018/BPDecode_v2018.sdk/system_wrapper_hw_platform_0/ps7_init.tcl
targets -set -nocase -filter {name =~"APU*" && jtag_cable_name =~ "Digilent JTAG-HS1 210512180081"} -index 0
loadhw -hw D:/My_Code/GraduationProject/BPDecode_v2018/BPDecode_v2018.sdk/system_wrapper_hw_platform_0/system.hdf -mem-ranges [list {0x40000000 0xbfffffff}]
configparams force-mem-access 1
targets -set -nocase -filter {name =~"APU*" && jtag_cable_name =~ "Digilent JTAG-HS1 210512180081"} -index 0
stop
ps7_init
ps7_post_config
targets -set -nocase -filter {name =~ "ARM*#0" && jtag_cable_name =~ "Digilent JTAG-HS1 210512180081"} -index 0
rst -processor
targets -set -nocase -filter {name =~ "ARM*#0" && jtag_cable_name =~ "Digilent JTAG-HS1 210512180081"} -index 0
dow D:/My_Code/GraduationProject/BPDecode_v2018/BPDecode_v2018.sdk/LwipDecode/Debug/LwipDecode.elf
configparams force-mem-access 0
----------------End of Script----------------

16:17:57 INFO  : Memory regions updated for context APU
16:17:57 INFO  : Context for processor 'ps7_cortexa9_0' is selected.
16:17:57 INFO  : 'con' command is executed.
16:17:57 INFO  : ----------------XSDB Script (After Launch)----------------
targets -set -nocase -filter {name =~ "ARM*#0" && jtag_cable_name =~ "Digilent JTAG-HS1 210512180081"} -index 0
con
----------------End of Script----------------

16:17:57 INFO  : Launch script is exported to file 'D:\My_Code\GraduationProject\BPDecode_v2018\BPDecode_v2018.sdk\.sdk\launch_scripts\xilinx_c-c++_application_(system_debugger)\system_debugger_using_debug_lwipdecode.elf_on_local.tcl'
16:39:52 INFO  : Disconnected from the channel tcfchan#4.
14:50:50 INFO  : Registering command handlers for SDK TCF services
14:50:51 INFO  : Launching XSCT server: xsct.bat -interactive D:\My_Code\GraduationProject\BPDecode_v2018\BPDecode_v2018.sdk\temp_xsdb_launch_script.tcl
14:50:54 INFO  : XSCT server has started successfully.
14:50:54 INFO  : Successfully done setting XSCT server connection channel  
14:50:55 INFO  : Successfully done setting SDK workspace  
14:50:55 INFO  : Processing command line option -hwspec D:/My_Code/GraduationProject/BPDecode_v2018/BPDecode_v2018.sdk/system_wrapper.hdf.
14:50:55 INFO  : Checking for hwspec changes in the project system_wrapper_hw_platform_0.
15:43:16 INFO  : Registering command handlers for SDK TCF services
15:43:16 INFO  : Launching XSCT server: xsct.bat -interactive D:\My_Code\GraduationProject\BPDecode_v2018\BPDecode_v2018.sdk\temp_xsdb_launch_script.tcl
15:43:18 INFO  : XSCT server has started successfully.
15:43:19 INFO  : Successfully done setting XSCT server connection channel  
15:43:19 INFO  : Successfully done setting SDK workspace  
15:43:19 INFO  : Processing command line option -hwspec D:/My_Code/GraduationProject/BPDecode_v2018/BPDecode_v2018.sdk/system_wrapper.hdf.
15:43:19 INFO  : Checking for hwspec changes in the project system_wrapper_hw_platform_0.
23:17:51 INFO  : Launching XSCT server: xsct.bat -interactive D:\My_Code\GraduationProject\BPDecode_v2018\BPDecode_v2018.sdk\temp_xsdb_launch_script.tcl
23:17:53 INFO  : XSCT server has started successfully.
23:17:53 INFO  : Successfully done setting XSCT server connection channel  
23:17:56 INFO  : Successfully done setting SDK workspace  
23:17:58 INFO  : Registering command handlers for SDK TCF services
23:17:58 INFO  : Processing command line option -hwspec D:/My_Code/GraduationProject/BPDecode_v2018/BPDecode_v2018.sdk/system_wrapper.hdf.
23:17:59 INFO  : Checking for hwspec changes in the project system_wrapper_hw_platform_0.
23:18:36 INFO  : 'targets -set -filter {jtag_cable_name =~ "Digilent JTAG-HS1 210512180081" && level==0} -index 1' command is executed.
23:18:36 INFO  : 'fpga -state' command is executed.
23:18:38 INFO  : Connected to target on host '127.0.0.1' and port '3121'.
23:18:38 INFO  : Jtag cable 'Digilent JTAG-HS1 210512180081' is selected.
23:18:38 INFO  : 'jtag frequency' command is executed.
23:18:38 INFO  : Sourcing of 'D:/My_Code/GraduationProject/BPDecode_v2018/BPDecode_v2018.sdk/system_wrapper_hw_platform_0/ps7_init.tcl' is done.
23:18:38 INFO  : Context for 'APU' is selected.
23:18:38 INFO  : Hardware design information is loaded from 'D:/My_Code/GraduationProject/BPDecode_v2018/BPDecode_v2018.sdk/system_wrapper_hw_platform_0/system.hdf'.
23:18:38 INFO  : 'configparams force-mem-access 1' command is executed.
23:18:38 INFO  : Context for 'APU' is selected.
23:18:38 INFO  : 'stop' command is executed.
23:18:39 INFO  : 'ps7_init' command is executed.
23:18:39 INFO  : 'ps7_post_config' command is executed.
23:18:39 INFO  : Context for processor 'ps7_cortexa9_0' is selected.
23:18:39 INFO  : Processor reset is completed for 'ps7_cortexa9_0'.
23:18:39 INFO  : Context for processor 'ps7_cortexa9_0' is selected.
23:18:39 INFO  : The application 'D:/My_Code/GraduationProject/BPDecode_v2018/BPDecode_v2018.sdk/LwipDecode/Debug/LwipDecode.elf' is downloaded to processor 'ps7_cortexa9_0'.
23:18:39 INFO  : 'configparams force-mem-access 0' command is executed.
23:18:39 INFO  : ----------------XSDB Script----------------
connect -url tcp:127.0.0.1:3121
source D:/My_Code/GraduationProject/BPDecode_v2018/BPDecode_v2018.sdk/system_wrapper_hw_platform_0/ps7_init.tcl
targets -set -nocase -filter {name =~"APU*" && jtag_cable_name =~ "Digilent JTAG-HS1 210512180081"} -index 0
loadhw -hw D:/My_Code/GraduationProject/BPDecode_v2018/BPDecode_v2018.sdk/system_wrapper_hw_platform_0/system.hdf -mem-ranges [list {0x40000000 0xbfffffff}]
configparams force-mem-access 1
targets -set -nocase -filter {name =~"APU*" && jtag_cable_name =~ "Digilent JTAG-HS1 210512180081"} -index 0
stop
ps7_init
ps7_post_config
targets -set -nocase -filter {name =~ "ARM*#0" && jtag_cable_name =~ "Digilent JTAG-HS1 210512180081"} -index 0
rst -processor
targets -set -nocase -filter {name =~ "ARM*#0" && jtag_cable_name =~ "Digilent JTAG-HS1 210512180081"} -index 0
dow D:/My_Code/GraduationProject/BPDecode_v2018/BPDecode_v2018.sdk/LwipDecode/Debug/LwipDecode.elf
configparams force-mem-access 0
----------------End of Script----------------

23:18:39 INFO  : Memory regions updated for context APU
23:18:40 INFO  : Context for processor 'ps7_cortexa9_0' is selected.
23:18:40 INFO  : 'con' command is executed.
23:18:40 INFO  : ----------------XSDB Script (After Launch)----------------
targets -set -nocase -filter {name =~ "ARM*#0" && jtag_cable_name =~ "Digilent JTAG-HS1 210512180081"} -index 0
con
----------------End of Script----------------

23:18:40 INFO  : Launch script is exported to file 'D:\My_Code\GraduationProject\BPDecode_v2018\BPDecode_v2018.sdk\.sdk\launch_scripts\xilinx_c-c++_application_(system_debugger)\system_debugger_using_debug_lwipdecode.elf_on_local.tcl'
23:19:06 INFO  : Disconnected from the channel tcfchan#1.
23:19:07 INFO  : Connected to target on host '127.0.0.1' and port '3121'.
23:19:07 INFO  : Jtag cable 'Digilent JTAG-HS1 210512180081' is selected.
23:19:07 INFO  : 'jtag frequency' command is executed.
23:19:07 INFO  : Sourcing of 'D:/My_Code/GraduationProject/BPDecode_v2018/BPDecode_v2018.sdk/system_wrapper_hw_platform_0/ps7_init.tcl' is done.
23:19:07 INFO  : Context for 'APU' is selected.
23:19:07 INFO  : System reset is completed.
23:19:10 INFO  : 'after 3000' command is executed.
23:19:11 INFO  : 'targets -set -filter {jtag_cable_name =~ "Digilent JTAG-HS1 210512180081" && level==0} -index 1' command is executed.
23:19:14 INFO  : FPGA configured successfully with bitstream "D:/My_Code/GraduationProject/BPDecode_v2018/BPDecode_v2018.sdk/system_wrapper_hw_platform_0/system_wrapper.bit"
23:19:14 INFO  : Context for 'APU' is selected.
23:19:15 INFO  : Hardware design information is loaded from 'D:/My_Code/GraduationProject/BPDecode_v2018/BPDecode_v2018.sdk/system_wrapper_hw_platform_0/system.hdf'.
23:19:15 INFO  : 'configparams force-mem-access 1' command is executed.
23:19:15 INFO  : Context for 'APU' is selected.
23:19:16 INFO  : 'ps7_init' command is executed.
23:19:16 INFO  : 'ps7_post_config' command is executed.
23:19:16 INFO  : Context for processor 'ps7_cortexa9_0' is selected.
23:19:16 INFO  : The application 'D:/My_Code/GraduationProject/BPDecode_v2018/BPDecode_v2018.sdk/LwipDecode/Debug/LwipDecode.elf' is downloaded to processor 'ps7_cortexa9_0'.
23:19:16 INFO  : 'configparams force-mem-access 0' command is executed.
23:19:16 INFO  : ----------------XSDB Script----------------
connect -url tcp:127.0.0.1:3121
source D:/My_Code/GraduationProject/BPDecode_v2018/BPDecode_v2018.sdk/system_wrapper_hw_platform_0/ps7_init.tcl
targets -set -nocase -filter {name =~"APU*" && jtag_cable_name =~ "Digilent JTAG-HS1 210512180081"} -index 0
rst -system
after 3000
targets -set -filter {jtag_cable_name =~ "Digilent JTAG-HS1 210512180081" && level==0} -index 1
fpga -file D:/My_Code/GraduationProject/BPDecode_v2018/BPDecode_v2018.sdk/system_wrapper_hw_platform_0/system_wrapper.bit
targets -set -nocase -filter {name =~"APU*" && jtag_cable_name =~ "Digilent JTAG-HS1 210512180081"} -index 0
loadhw -hw D:/My_Code/GraduationProject/BPDecode_v2018/BPDecode_v2018.sdk/system_wrapper_hw_platform_0/system.hdf -mem-ranges [list {0x40000000 0xbfffffff}]
configparams force-mem-access 1
targets -set -nocase -filter {name =~"APU*" && jtag_cable_name =~ "Digilent JTAG-HS1 210512180081"} -index 0
ps7_init
ps7_post_config
targets -set -nocase -filter {name =~ "ARM*#0" && jtag_cable_name =~ "Digilent JTAG-HS1 210512180081"} -index 0
dow D:/My_Code/GraduationProject/BPDecode_v2018/BPDecode_v2018.sdk/LwipDecode/Debug/LwipDecode.elf
configparams force-mem-access 0
----------------End of Script----------------

23:19:16 INFO  : Memory regions updated for context APU
23:19:16 INFO  : Context for processor 'ps7_cortexa9_0' is selected.
23:19:16 INFO  : 'con' command is executed.
23:19:16 INFO  : ----------------XSDB Script (After Launch)----------------
targets -set -nocase -filter {name =~ "ARM*#0" && jtag_cable_name =~ "Digilent JTAG-HS1 210512180081"} -index 0
con
----------------End of Script----------------

23:19:16 INFO  : Launch script is exported to file 'D:\My_Code\GraduationProject\BPDecode_v2018\BPDecode_v2018.sdk\.sdk\launch_scripts\xilinx_c-c++_application_(system_debugger)\system_debugger_using_debug_lwipdecode.elf_on_local.tcl'
23:43:51 INFO  : Disconnected from the channel tcfchan#2.
15:13:57 INFO  : Launching XSCT server: xsct.bat -interactive D:\My_Code\GraduationProject\BPDecode_v2018\BPDecode_v2018.sdk\temp_xsdb_launch_script.tcl
15:13:59 INFO  : XSCT server has started successfully.
15:13:59 INFO  : Successfully done setting XSCT server connection channel  
15:14:03 INFO  : Successfully done setting SDK workspace  
15:14:06 INFO  : Registering command handlers for SDK TCF services
15:14:07 INFO  : Processing command line option -hwspec D:/My_Code/GraduationProject/BPDecode_v2018/BPDecode_v2018.sdk/system_wrapper.hdf.
15:14:07 INFO  : Checking for hwspec changes in the project system_wrapper_hw_platform_0.
15:14:38 INFO  : Connected to target on host '127.0.0.1' and port '3121'.
15:14:39 INFO  : Jtag cable 'Digilent JTAG-HS1 210512180081' is selected.
15:14:39 INFO  : 'jtag frequency' command is executed.
15:14:39 INFO  : Sourcing of 'D:/My_Code/GraduationProject/BPDecode_v2018/BPDecode_v2018.sdk/system_wrapper_hw_platform_0/ps7_init.tcl' is done.
15:14:39 INFO  : Context for 'APU' is selected.
15:14:40 INFO  : System reset is completed.
15:14:43 INFO  : 'after 3000' command is executed.
15:14:43 INFO  : 'targets -set -filter {jtag_cable_name =~ "Digilent JTAG-HS1 210512180081" && level==0} -index 1' command is executed.
15:14:46 INFO  : FPGA configured successfully with bitstream "D:/My_Code/GraduationProject/BPDecode_v2018/BPDecode_v2018.sdk/system_wrapper_hw_platform_0/system_wrapper.bit"
15:14:46 INFO  : Context for 'APU' is selected.
15:14:46 INFO  : Hardware design information is loaded from 'D:/My_Code/GraduationProject/BPDecode_v2018/BPDecode_v2018.sdk/system_wrapper_hw_platform_0/system.hdf'.
15:14:46 INFO  : 'configparams force-mem-access 1' command is executed.
15:14:47 INFO  : Context for 'APU' is selected.
15:14:48 INFO  : 'ps7_init' command is executed.
15:14:48 INFO  : 'ps7_post_config' command is executed.
15:14:48 INFO  : Context for processor 'ps7_cortexa9_0' is selected.
15:14:48 INFO  : The application 'D:/My_Code/GraduationProject/BPDecode_v2018/BPDecode_v2018.sdk/LwipDecode/Debug/LwipDecode.elf' is downloaded to processor 'ps7_cortexa9_0'.
15:14:48 INFO  : 'configparams force-mem-access 0' command is executed.
15:14:48 INFO  : ----------------XSDB Script----------------
connect -url tcp:127.0.0.1:3121
source D:/My_Code/GraduationProject/BPDecode_v2018/BPDecode_v2018.sdk/system_wrapper_hw_platform_0/ps7_init.tcl
targets -set -nocase -filter {name =~"APU*" && jtag_cable_name =~ "Digilent JTAG-HS1 210512180081"} -index 0
rst -system
after 3000
targets -set -filter {jtag_cable_name =~ "Digilent JTAG-HS1 210512180081" && level==0} -index 1
fpga -file D:/My_Code/GraduationProject/BPDecode_v2018/BPDecode_v2018.sdk/system_wrapper_hw_platform_0/system_wrapper.bit
targets -set -nocase -filter {name =~"APU*" && jtag_cable_name =~ "Digilent JTAG-HS1 210512180081"} -index 0
loadhw -hw D:/My_Code/GraduationProject/BPDecode_v2018/BPDecode_v2018.sdk/system_wrapper_hw_platform_0/system.hdf -mem-ranges [list {0x40000000 0xbfffffff}]
configparams force-mem-access 1
targets -set -nocase -filter {name =~"APU*" && jtag_cable_name =~ "Digilent JTAG-HS1 210512180081"} -index 0
ps7_init
ps7_post_config
targets -set -nocase -filter {name =~ "ARM*#0" && jtag_cable_name =~ "Digilent JTAG-HS1 210512180081"} -index 0
dow D:/My_Code/GraduationProject/BPDecode_v2018/BPDecode_v2018.sdk/LwipDecode/Debug/LwipDecode.elf
configparams force-mem-access 0
----------------End of Script----------------

15:14:48 INFO  : Memory regions updated for context APU
15:14:49 INFO  : Context for processor 'ps7_cortexa9_0' is selected.
15:14:49 INFO  : 'con' command is executed.
15:14:49 INFO  : ----------------XSDB Script (After Launch)----------------
targets -set -nocase -filter {name =~ "ARM*#0" && jtag_cable_name =~ "Digilent JTAG-HS1 210512180081"} -index 0
con
----------------End of Script----------------

15:14:49 INFO  : Launch script is exported to file 'D:\My_Code\GraduationProject\BPDecode_v2018\BPDecode_v2018.sdk\.sdk\launch_scripts\xilinx_c-c++_application_(system_debugger)\system_debugger_using_debug_lwipdecode.elf_on_local.tcl'
15:31:04 INFO  : Disconnected from the channel tcfchan#1.
15:37:34 INFO  : Registering command handlers for SDK TCF services
15:37:34 INFO  : Launching XSCT server: xsct.bat -interactive D:\My_Code\GraduationProject\BPDecode_v2018\BPDecode_v2018.sdk\temp_xsdb_launch_script.tcl
15:37:37 INFO  : XSCT server has started successfully.
15:37:37 INFO  : Successfully done setting XSCT server connection channel  
15:37:37 INFO  : Successfully done setting SDK workspace  
15:37:37 INFO  : Processing command line option -hwspec D:/My_Code/GraduationProject/BPDecode_v2018/BPDecode_v2018.sdk/system_wrapper.hdf.
15:37:37 INFO  : Checking for hwspec changes in the project system_wrapper_hw_platform_0.
15:37:57 INFO  : Connected to target on host '127.0.0.1' and port '3121'.
15:37:58 INFO  : Jtag cable 'Digilent JTAG-HS1 210512180081' is selected.
15:37:58 INFO  : 'jtag frequency' command is executed.
15:37:58 INFO  : Sourcing of 'D:/My_Code/GraduationProject/BPDecode_v2018/BPDecode_v2018.sdk/system_wrapper_hw_platform_0/ps7_init.tcl' is done.
15:37:58 INFO  : Context for 'APU' is selected.
15:37:59 INFO  : System reset is completed.
15:38:02 INFO  : 'after 3000' command is executed.
15:38:02 INFO  : 'targets -set -filter {jtag_cable_name =~ "Digilent JTAG-HS1 210512180081" && level==0} -index 1' command is executed.
15:38:05 INFO  : FPGA configured successfully with bitstream "D:/My_Code/GraduationProject/BPDecode_v2018/BPDecode_v2018.sdk/system_wrapper_hw_platform_0/system_wrapper.bit"
15:38:05 INFO  : Context for 'APU' is selected.
15:38:05 INFO  : Hardware design information is loaded from 'D:/My_Code/GraduationProject/BPDecode_v2018/BPDecode_v2018.sdk/system_wrapper_hw_platform_0/system.hdf'.
15:38:05 INFO  : 'configparams force-mem-access 1' command is executed.
15:38:06 INFO  : Context for 'APU' is selected.
15:38:07 INFO  : 'ps7_init' command is executed.
15:38:07 INFO  : 'ps7_post_config' command is executed.
15:38:07 INFO  : Context for processor 'ps7_cortexa9_0' is selected.
15:38:07 INFO  : The application 'D:/My_Code/GraduationProject/BPDecode_v2018/BPDecode_v2018.sdk/LwipDecode/Debug/LwipDecode.elf' is downloaded to processor 'ps7_cortexa9_0'.
15:38:07 INFO  : 'configparams force-mem-access 0' command is executed.
15:38:07 INFO  : ----------------XSDB Script----------------
connect -url tcp:127.0.0.1:3121
source D:/My_Code/GraduationProject/BPDecode_v2018/BPDecode_v2018.sdk/system_wrapper_hw_platform_0/ps7_init.tcl
targets -set -nocase -filter {name =~"APU*" && jtag_cable_name =~ "Digilent JTAG-HS1 210512180081"} -index 0
rst -system
after 3000
targets -set -filter {jtag_cable_name =~ "Digilent JTAG-HS1 210512180081" && level==0} -index 1
fpga -file D:/My_Code/GraduationProject/BPDecode_v2018/BPDecode_v2018.sdk/system_wrapper_hw_platform_0/system_wrapper.bit
targets -set -nocase -filter {name =~"APU*" && jtag_cable_name =~ "Digilent JTAG-HS1 210512180081"} -index 0
loadhw -hw D:/My_Code/GraduationProject/BPDecode_v2018/BPDecode_v2018.sdk/system_wrapper_hw_platform_0/system.hdf -mem-ranges [list {0x40000000 0xbfffffff}]
configparams force-mem-access 1
targets -set -nocase -filter {name =~"APU*" && jtag_cable_name =~ "Digilent JTAG-HS1 210512180081"} -index 0
ps7_init
ps7_post_config
targets -set -nocase -filter {name =~ "ARM*#0" && jtag_cable_name =~ "Digilent JTAG-HS1 210512180081"} -index 0
dow D:/My_Code/GraduationProject/BPDecode_v2018/BPDecode_v2018.sdk/LwipDecode/Debug/LwipDecode.elf
configparams force-mem-access 0
----------------End of Script----------------

15:38:07 INFO  : Memory regions updated for context APU
15:38:08 INFO  : Context for processor 'ps7_cortexa9_0' is selected.
15:38:08 INFO  : 'con' command is executed.
15:38:08 INFO  : ----------------XSDB Script (After Launch)----------------
targets -set -nocase -filter {name =~ "ARM*#0" && jtag_cable_name =~ "Digilent JTAG-HS1 210512180081"} -index 0
con
----------------End of Script----------------

15:38:08 INFO  : Launch script is exported to file 'D:\My_Code\GraduationProject\BPDecode_v2018\BPDecode_v2018.sdk\.sdk\launch_scripts\xilinx_c-c++_application_(system_debugger)\system_debugger_using_debug_lwipdecode.elf_on_local.tcl'
15:49:42 INFO  : Disconnected from the channel tcfchan#1.
