Copyright 1986-2018 Xilinx, Inc. All Rights Reserved.
-------------------------------------------------------------------------------------------
| Tool Version : Vivado v.2018.2 (win64) Build 2258646 Thu Jun 14 20:03:12 MDT 2018
| Date         : Tue Apr 27 15:33:14 2021
| Host         : LAPTOP-0AJMO88D running 64-bit major release  (build 9200)
| Command      : report_control_sets -verbose -file system_wrapper_control_sets_placed.rpt
| Design       : system_wrapper
| Device       : xc7z020
-------------------------------------------------------------------------------------------

Control Set Information

Table of Contents
-----------------
1. Summary
2. Histogram
3. Flip-Flop Distribution
4. Detailed Control Set Information

1. Summary
----------

+----------------------------------------------------------+-------+
|                          Status                          | Count |
+----------------------------------------------------------+-------+
| Number of unique control sets                            |    87 |
| Unused register locations in slices containing registers |    34 |
+----------------------------------------------------------+-------+


2. Histogram
------------

+--------+--------------+
| Fanout | Control Sets |
+--------+--------------+
|      4 |            1 |
|      8 |            8 |
|     12 |            1 |
|     14 |            1 |
|    16+ |           76 |
+--------+--------------+


3. Flip-Flop Distribution
-------------------------

+--------------+-----------------------+------------------------+-----------------+--------------+
| Clock Enable | Synchronous Set/Reset | Asynchronous Set/Reset | Total Registers | Total Slices |
+--------------+-----------------------+------------------------+-----------------+--------------+
| No           | No                    | No                     |             876 |          144 |
| No           | No                    | Yes                    |               4 |            1 |
| No           | Yes                   | No                     |             604 |          108 |
| Yes          | No                    | No                     |             744 |           96 |
| Yes          | No                    | Yes                    |               0 |            0 |
| Yes          | Yes                   | No                     |            1234 |          152 |
+--------------+-----------------------+------------------------+-----------------+--------------+


4. Detailed Control Set Information
-----------------------------------

+-----------------------------------------------+--------------------------------------------------------------------------------------------------------------------------------------------------------------+------------------------------------------------------------------------------------------------------------------------------------------+------------------+----------------+
|                  Clock Signal                 |                                                                         Enable Signal                                                                        |                                                             Set/Reset Signal                                                             | Slice Load Count | Bel Load Count |
+-----------------------------------------------+--------------------------------------------------------------------------------------------------------------------------------------------------------------+------------------------------------------------------------------------------------------------------------------------------------------+------------------+----------------+
|  system_i/processing_system7_0/inst/FCLK_CLK0 | system_i/ps7_0_axi_periph/s00_couplers/auto_pc/inst/gen_axilite.gen_b2s_conv.axilite_b2s/WR.b_channel_0/bid_fifo_0/bresp_push                                |                                                                                                                                          |                1 |              4 |
|  system_i/processing_system7_0/inst/FCLK_CLK0 | system_i/BPDecodeIP_V2018_0/inst/BPDecodeIP_V2018_v1_0_S00_AXI_inst/axi_awready0                                                                             | system_i/BPDecodeIP_V2018_0/inst/BPDecodeIP_V2018_v1_0_S00_AXI_inst/bp_8_4out/SR[0]                                                      |                1 |              8 |
|  system_i/processing_system7_0/inst/FCLK_CLK0 | system_i/BPDecodeIP_V2018_0/inst/BPDecodeIP_V2018_v1_0_S00_AXI_inst/bp_8_4out/OUT_4_i_1_n_0                                                                  |                                                                                                                                          |                1 |              8 |
|  system_i/processing_system7_0/inst/FCLK_CLK0 | system_i/BPDecodeIP_V2018_0/inst/BPDecodeIP_V2018_v1_0_S00_AXI_inst/axi_arready0                                                                             | system_i/BPDecodeIP_V2018_0/inst/BPDecodeIP_V2018_v1_0_S00_AXI_inst/bp_8_4out/SR[0]                                                      |                1 |              8 |
|  system_i/processing_system7_0/inst/FCLK_CLK0 |                                                                                                                                                              | system_i/rst_ps7_0_50M/U0/EXT_LPF/lpf_int                                                                                                |                1 |              8 |
|  system_i/processing_system7_0/inst/FCLK_CLK0 |                                                                                                                                                              | system_i/ps7_0_axi_periph/s00_couplers/auto_pc/inst/gen_axilite.gen_b2s_conv.axilite_b2s/SI_REG/ar.ar_pipe/m_valid_i_reg_0               |                2 |              8 |
|  system_i/processing_system7_0/inst/FCLK_CLK0 |                                                                                                                                                              | system_i/ps7_0_axi_periph/s00_couplers/auto_pc/inst/gen_axilite.gen_b2s_conv.axilite_b2s/SI_REG/aw.aw_pipe/s_ready_i_reg_0               |                2 |              8 |
|  system_i/processing_system7_0/inst/FCLK_CLK0 | system_i/ps7_0_axi_periph/s00_couplers/auto_pc/inst/gen_axilite.gen_b2s_conv.axilite_b2s/WR.aw_channel_0/aw_cmd_fsm_0/axaddr_wrap_reg[11][0]                 | system_i/ps7_0_axi_periph/s00_couplers/auto_pc/inst/gen_axilite.gen_b2s_conv.axilite_b2s/WR.aw_channel_0/aw_cmd_fsm_0/axlen_cnt_reg[7]_1 |                1 |              8 |
|  system_i/processing_system7_0/inst/FCLK_CLK0 | system_i/ps7_0_axi_periph/s00_couplers/auto_pc/inst/gen_axilite.gen_b2s_conv.axilite_b2s/RD.ar_channel_0/ar_cmd_fsm_0/E[0]                                   | system_i/ps7_0_axi_periph/s00_couplers/auto_pc/inst/gen_axilite.gen_b2s_conv.axilite_b2s/RD.ar_channel_0/ar_cmd_fsm_0/axlen_cnt_reg[7]   |                2 |              8 |
|  system_i/processing_system7_0/inst/FCLK_CLK0 | system_i/rst_ps7_0_50M/U0/SEQ/seq_cnt_en                                                                                                                     | system_i/rst_ps7_0_50M/U0/SEQ/SEQ_COUNTER/clear                                                                                          |                1 |             12 |
|  system_i/processing_system7_0/inst/FCLK_CLK0 | system_i/BPDecodeIP_V2018_0/inst/BPDecodeIP_V2018_v1_0_S00_AXI_inst/bp_8_4out/itera_time[6]_i_2_n_0                                                          | system_i/BPDecodeIP_V2018_0/inst/BPDecodeIP_V2018_v1_0_S00_AXI_inst/bp_8_4out/itera_time[6]_i_1_n_0                                      |                2 |             14 |
|  system_i/processing_system7_0/inst/FCLK_CLK0 |                                                                                                                                                              | system_i/BPDecodeIP_V2018_0/inst/BPDecodeIP_V2018_v1_0_S00_AXI_inst/bp_8_4out/bp_2[6].fun/add1/result[7]_i_1__10_n_0                     |                2 |             16 |
|  system_i/processing_system7_0/inst/FCLK_CLK0 |                                                                                                                                                              | system_i/BPDecodeIP_V2018_0/inst/BPDecodeIP_V2018_v1_0_S00_AXI_inst/bp_8_4out/bp_2[0].fun/f2/result_reg[6]_0                             |                2 |             16 |
|  system_i/processing_system7_0/inst/FCLK_CLK0 |                                                                                                                                                              | system_i/BPDecodeIP_V2018_0/inst/BPDecodeIP_V2018_v1_0_S00_AXI_inst/bp_8_4out/bp_2[0].fun/f2/result_reg[6]                               |                2 |             16 |
|  system_i/processing_system7_0/inst/FCLK_CLK0 |                                                                                                                                                              | system_i/BPDecodeIP_V2018_0/inst/BPDecodeIP_V2018_v1_0_S00_AXI_inst/bp_8_4out/bp_2[2].fun/add1/result[7]_i_1__8_n_0                      |                2 |             16 |
|  system_i/processing_system7_0/inst/FCLK_CLK0 |                                                                                                                                                              | system_i/BPDecodeIP_V2018_0/inst/BPDecodeIP_V2018_v1_0_S00_AXI_inst/bp_8_4out/bp_2[0].fun/add1/result[7]_i_1__7_n_0                      |                2 |             16 |
|  system_i/processing_system7_0/inst/FCLK_CLK0 |                                                                                                                                                              | system_i/BPDecodeIP_V2018_0/inst/BPDecodeIP_V2018_v1_0_S00_AXI_inst/bp_8_4out/bp_2[4].fun/add1/result[7]_i_1__9_n_0                      |                2 |             16 |
|  system_i/processing_system7_0/inst/FCLK_CLK0 |                                                                                                                                                              | system_i/BPDecodeIP_V2018_0/inst/BPDecodeIP_V2018_v1_0_S00_AXI_inst/bp_8_4out/bp_2[4].fun/f2/result_reg[6]                               |                2 |             16 |
|  system_i/processing_system7_0/inst/FCLK_CLK0 |                                                                                                                                                              | system_i/BPDecodeIP_V2018_0/inst/BPDecodeIP_V2018_v1_0_S00_AXI_inst/bp_8_4out/bp_2[4].fun/f2/result_reg[6]_0                             |                2 |             16 |
|  system_i/processing_system7_0/inst/FCLK_CLK0 |                                                                                                                                                              | system_i/BPDecodeIP_V2018_0/inst/BPDecodeIP_V2018_v1_0_S00_AXI_inst/bp_8_4out/bp_2[2].fun/f2/result_reg[6]_0                             |                2 |             16 |
|  system_i/processing_system7_0/inst/FCLK_CLK0 |                                                                                                                                                              | system_i/BPDecodeIP_V2018_0/inst/BPDecodeIP_V2018_v1_0_S00_AXI_inst/bp_8_4out/bp_2[2].fun/f2/result_reg[6]                               |                2 |             16 |
|  system_i/processing_system7_0/inst/FCLK_CLK0 | system_i/BPDecodeIP_V2018_0/inst/BPDecodeIP_V2018_v1_0_S00_AXI_inst/slv_reg8[7]_i_1_n_0                                                                      | system_i/BPDecodeIP_V2018_0/inst/BPDecodeIP_V2018_v1_0_S00_AXI_inst/bp_8_4out/SR[0]                                                      |                1 |             16 |
|  system_i/processing_system7_0/inst/FCLK_CLK0 |                                                                                                                                                              | system_i/BPDecodeIP_V2018_0/inst/BPDecodeIP_V2018_v1_0_S00_AXI_inst/bp_8_4out/bp_2[6].fun/f2/result_reg[6]_0                             |                2 |             16 |
|  system_i/processing_system7_0/inst/FCLK_CLK0 |                                                                                                                                                              | system_i/BPDecodeIP_V2018_0/inst/BPDecodeIP_V2018_v1_0_S00_AXI_inst/bp_8_4out/bp_2[6].fun/f2/result_reg[6]                               |                3 |             16 |
|  system_i/processing_system7_0/inst/FCLK_CLK0 |                                                                                                                                                              | system_i/BPDecodeIP_V2018_0/inst/BPDecodeIP_V2018_v1_0_S00_AXI_inst/bp_8_4out/SR[0]                                                      |                5 |             16 |
|  system_i/processing_system7_0/inst/FCLK_CLK0 | system_i/ps7_0_axi_periph/s00_couplers/auto_pc/inst/gen_axilite.gen_b2s_conv.axilite_b2s/RD.ar_channel_0/ar_cmd_fsm_0/wrap_boundary_axaddr_r_reg[11][0]      |                                                                                                                                          |                3 |             16 |
|  system_i/processing_system7_0/inst/FCLK_CLK0 | system_i/ps7_0_axi_periph/s00_couplers/auto_pc/inst/gen_axilite.gen_b2s_conv.axilite_b2s/RD.ar_channel_0/ar_cmd_fsm_0/axaddr_incr_reg[0][0]                  |                                                                                                                                          |                2 |             16 |
|  system_i/processing_system7_0/inst/FCLK_CLK0 | system_i/BPDecodeIP_V2018_0/inst/BPDecodeIP_V2018_v1_0_S00_AXI_inst/slv_reg8[31]_i_1_n_0                                                                     | system_i/BPDecodeIP_V2018_0/inst/BPDecodeIP_V2018_v1_0_S00_AXI_inst/bp_8_4out/SR[0]                                                      |                2 |             16 |
|  system_i/processing_system7_0/inst/FCLK_CLK0 | system_i/ps7_0_axi_periph/s00_couplers/auto_pc/inst/gen_axilite.gen_b2s_conv.axilite_b2s/WR.aw_channel_0/aw_cmd_fsm_0/E[0]                                   |                                                                                                                                          |                3 |             16 |
|  system_i/processing_system7_0/inst/FCLK_CLK0 | system_i/BPDecodeIP_V2018_0/inst/BPDecodeIP_V2018_v1_0_S00_AXI_inst/slv_reg7[15]_i_1_n_0                                                                     | system_i/BPDecodeIP_V2018_0/inst/BPDecodeIP_V2018_v1_0_S00_AXI_inst/bp_8_4out/SR[0]                                                      |                2 |             16 |
|  system_i/processing_system7_0/inst/FCLK_CLK0 | system_i/BPDecodeIP_V2018_0/inst/BPDecodeIP_V2018_v1_0_S00_AXI_inst/slv_reg7[23]_i_1_n_0                                                                     | system_i/BPDecodeIP_V2018_0/inst/BPDecodeIP_V2018_v1_0_S00_AXI_inst/bp_8_4out/SR[0]                                                      |                2 |             16 |
|  system_i/processing_system7_0/inst/FCLK_CLK0 | system_i/BPDecodeIP_V2018_0/inst/BPDecodeIP_V2018_v1_0_S00_AXI_inst/slv_reg7[31]_i_1_n_0                                                                     | system_i/BPDecodeIP_V2018_0/inst/BPDecodeIP_V2018_v1_0_S00_AXI_inst/bp_8_4out/SR[0]                                                      |                3 |             16 |
|  system_i/processing_system7_0/inst/FCLK_CLK0 | system_i/BPDecodeIP_V2018_0/inst/BPDecodeIP_V2018_v1_0_S00_AXI_inst/slv_reg8[15]_i_1_n_0                                                                     | system_i/BPDecodeIP_V2018_0/inst/BPDecodeIP_V2018_v1_0_S00_AXI_inst/bp_8_4out/SR[0]                                                      |                3 |             16 |
|  system_i/processing_system7_0/inst/FCLK_CLK0 | system_i/BPDecodeIP_V2018_0/inst/BPDecodeIP_V2018_v1_0_S00_AXI_inst/slv_reg7[7]_i_1_n_0                                                                      | system_i/BPDecodeIP_V2018_0/inst/BPDecodeIP_V2018_v1_0_S00_AXI_inst/bp_8_4out/SR[0]                                                      |                2 |             16 |
|  system_i/processing_system7_0/inst/FCLK_CLK0 | system_i/BPDecodeIP_V2018_0/inst/BPDecodeIP_V2018_v1_0_S00_AXI_inst/slv_reg8[23]_i_1_n_0                                                                     | system_i/BPDecodeIP_V2018_0/inst/BPDecodeIP_V2018_v1_0_S00_AXI_inst/bp_8_4out/SR[0]                                                      |                2 |             16 |
|  system_i/processing_system7_0/inst/FCLK_CLK0 | system_i/ps7_0_axi_periph/s00_couplers/auto_pc/inst/gen_axilite.gen_b2s_conv.axilite_b2s/WR.aw_channel_0/cmd_translator_0/incr_cmd_0/axaddr_incr[11]_i_1_n_0 |                                                                                                                                          |                3 |             16 |
|  system_i/processing_system7_0/inst/FCLK_CLK0 | system_i/BPDecodeIP_V2018_0/inst/BPDecodeIP_V2018_v1_0_S00_AXI_inst/p_1_in[15]                                                                               | system_i/BPDecodeIP_V2018_0/inst/BPDecodeIP_V2018_v1_0_S00_AXI_inst/bp_8_4out/SR[0]                                                      |                2 |             16 |
|  system_i/processing_system7_0/inst/FCLK_CLK0 | system_i/BPDecodeIP_V2018_0/inst/BPDecodeIP_V2018_v1_0_S00_AXI_inst/p_1_in[23]                                                                               | system_i/BPDecodeIP_V2018_0/inst/BPDecodeIP_V2018_v1_0_S00_AXI_inst/bp_8_4out/SR[0]                                                      |                1 |             16 |
|  system_i/processing_system7_0/inst/FCLK_CLK0 | system_i/BPDecodeIP_V2018_0/inst/BPDecodeIP_V2018_v1_0_S00_AXI_inst/p_1_in[7]                                                                                | system_i/BPDecodeIP_V2018_0/inst/BPDecodeIP_V2018_v1_0_S00_AXI_inst/bp_8_4out/SR[0]                                                      |                2 |             16 |
|  system_i/processing_system7_0/inst/FCLK_CLK0 | system_i/BPDecodeIP_V2018_0/inst/BPDecodeIP_V2018_v1_0_S00_AXI_inst/p_1_in[31]                                                                               | system_i/BPDecodeIP_V2018_0/inst/BPDecodeIP_V2018_v1_0_S00_AXI_inst/bp_8_4out/SR[0]                                                      |                1 |             16 |
|  system_i/processing_system7_0/inst/FCLK_CLK0 | system_i/BPDecodeIP_V2018_0/inst/BPDecodeIP_V2018_v1_0_S00_AXI_inst/slv_reg1[7]_i_1_n_0                                                                      | system_i/BPDecodeIP_V2018_0/inst/BPDecodeIP_V2018_v1_0_S00_AXI_inst/bp_8_4out/SR[0]                                                      |                1 |             16 |
|  system_i/processing_system7_0/inst/FCLK_CLK0 | system_i/BPDecodeIP_V2018_0/inst/BPDecodeIP_V2018_v1_0_S00_AXI_inst/slv_reg1[15]_i_1_n_0                                                                     | system_i/BPDecodeIP_V2018_0/inst/BPDecodeIP_V2018_v1_0_S00_AXI_inst/bp_8_4out/SR[0]                                                      |                1 |             16 |
|  system_i/processing_system7_0/inst/FCLK_CLK0 | system_i/BPDecodeIP_V2018_0/inst/BPDecodeIP_V2018_v1_0_S00_AXI_inst/slv_reg1[23]_i_1_n_0                                                                     | system_i/BPDecodeIP_V2018_0/inst/BPDecodeIP_V2018_v1_0_S00_AXI_inst/bp_8_4out/SR[0]                                                      |                1 |             16 |
|  system_i/processing_system7_0/inst/FCLK_CLK0 | system_i/BPDecodeIP_V2018_0/inst/BPDecodeIP_V2018_v1_0_S00_AXI_inst/slv_reg4[23]_i_1_n_0                                                                     | system_i/BPDecodeIP_V2018_0/inst/BPDecodeIP_V2018_v1_0_S00_AXI_inst/bp_8_4out/SR[0]                                                      |                1 |             16 |
|  system_i/processing_system7_0/inst/FCLK_CLK0 | system_i/BPDecodeIP_V2018_0/inst/BPDecodeIP_V2018_v1_0_S00_AXI_inst/slv_reg1[31]_i_1_n_0                                                                     | system_i/BPDecodeIP_V2018_0/inst/BPDecodeIP_V2018_v1_0_S00_AXI_inst/bp_8_4out/SR[0]                                                      |                1 |             16 |
|  system_i/processing_system7_0/inst/FCLK_CLK0 | system_i/BPDecodeIP_V2018_0/inst/BPDecodeIP_V2018_v1_0_S00_AXI_inst/slv_reg3[31]_i_1_n_0                                                                     | system_i/BPDecodeIP_V2018_0/inst/BPDecodeIP_V2018_v1_0_S00_AXI_inst/bp_8_4out/SR[0]                                                      |                2 |             16 |
|  system_i/processing_system7_0/inst/FCLK_CLK0 | system_i/BPDecodeIP_V2018_0/inst/BPDecodeIP_V2018_v1_0_S00_AXI_inst/slv_reg3[7]_i_1_n_0                                                                      | system_i/BPDecodeIP_V2018_0/inst/BPDecodeIP_V2018_v1_0_S00_AXI_inst/bp_8_4out/SR[0]                                                      |                2 |             16 |
|  system_i/processing_system7_0/inst/FCLK_CLK0 | system_i/BPDecodeIP_V2018_0/inst/BPDecodeIP_V2018_v1_0_S00_AXI_inst/slv_reg2[15]_i_1_n_0                                                                     | system_i/BPDecodeIP_V2018_0/inst/BPDecodeIP_V2018_v1_0_S00_AXI_inst/bp_8_4out/SR[0]                                                      |                2 |             16 |
|  system_i/processing_system7_0/inst/FCLK_CLK0 | system_i/BPDecodeIP_V2018_0/inst/BPDecodeIP_V2018_v1_0_S00_AXI_inst/slv_reg2[31]_i_1_n_0                                                                     | system_i/BPDecodeIP_V2018_0/inst/BPDecodeIP_V2018_v1_0_S00_AXI_inst/bp_8_4out/SR[0]                                                      |                2 |             16 |
|  system_i/processing_system7_0/inst/FCLK_CLK0 | system_i/BPDecodeIP_V2018_0/inst/BPDecodeIP_V2018_v1_0_S00_AXI_inst/slv_reg3[23]_i_1_n_0                                                                     | system_i/BPDecodeIP_V2018_0/inst/BPDecodeIP_V2018_v1_0_S00_AXI_inst/bp_8_4out/SR[0]                                                      |                2 |             16 |
|  system_i/processing_system7_0/inst/FCLK_CLK0 | system_i/BPDecodeIP_V2018_0/inst/BPDecodeIP_V2018_v1_0_S00_AXI_inst/slv_reg2[7]_i_1_n_0                                                                      | system_i/BPDecodeIP_V2018_0/inst/BPDecodeIP_V2018_v1_0_S00_AXI_inst/bp_8_4out/SR[0]                                                      |                1 |             16 |
|  system_i/processing_system7_0/inst/FCLK_CLK0 | system_i/BPDecodeIP_V2018_0/inst/BPDecodeIP_V2018_v1_0_S00_AXI_inst/slv_reg2[23]_i_1_n_0                                                                     | system_i/BPDecodeIP_V2018_0/inst/BPDecodeIP_V2018_v1_0_S00_AXI_inst/bp_8_4out/SR[0]                                                      |                2 |             16 |
|  system_i/processing_system7_0/inst/FCLK_CLK0 | system_i/BPDecodeIP_V2018_0/inst/BPDecodeIP_V2018_v1_0_S00_AXI_inst/slv_reg3[15]_i_1_n_0                                                                     | system_i/BPDecodeIP_V2018_0/inst/BPDecodeIP_V2018_v1_0_S00_AXI_inst/bp_8_4out/SR[0]                                                      |                2 |             16 |
|  system_i/processing_system7_0/inst/FCLK_CLK0 | system_i/BPDecodeIP_V2018_0/inst/BPDecodeIP_V2018_v1_0_S00_AXI_inst/slv_reg4[7]_i_1_n_0                                                                      | system_i/BPDecodeIP_V2018_0/inst/BPDecodeIP_V2018_v1_0_S00_AXI_inst/bp_8_4out/SR[0]                                                      |                3 |             16 |
|  system_i/processing_system7_0/inst/FCLK_CLK0 | system_i/BPDecodeIP_V2018_0/inst/BPDecodeIP_V2018_v1_0_S00_AXI_inst/slv_reg4[31]_i_1_n_0                                                                     | system_i/BPDecodeIP_V2018_0/inst/BPDecodeIP_V2018_v1_0_S00_AXI_inst/bp_8_4out/SR[0]                                                      |                1 |             16 |
|  system_i/processing_system7_0/inst/FCLK_CLK0 | system_i/BPDecodeIP_V2018_0/inst/BPDecodeIP_V2018_v1_0_S00_AXI_inst/slv_reg5[15]_i_1_n_0                                                                     | system_i/BPDecodeIP_V2018_0/inst/BPDecodeIP_V2018_v1_0_S00_AXI_inst/bp_8_4out/SR[0]                                                      |                2 |             16 |
|  system_i/processing_system7_0/inst/FCLK_CLK0 | system_i/BPDecodeIP_V2018_0/inst/BPDecodeIP_V2018_v1_0_S00_AXI_inst/slv_reg5[23]_i_1_n_0                                                                     | system_i/BPDecodeIP_V2018_0/inst/BPDecodeIP_V2018_v1_0_S00_AXI_inst/bp_8_4out/SR[0]                                                      |                1 |             16 |
|  system_i/processing_system7_0/inst/FCLK_CLK0 | system_i/BPDecodeIP_V2018_0/inst/BPDecodeIP_V2018_v1_0_S00_AXI_inst/slv_reg5[7]_i_1_n_0                                                                      | system_i/BPDecodeIP_V2018_0/inst/BPDecodeIP_V2018_v1_0_S00_AXI_inst/bp_8_4out/SR[0]                                                      |                2 |             16 |
|  system_i/processing_system7_0/inst/FCLK_CLK0 | system_i/BPDecodeIP_V2018_0/inst/BPDecodeIP_V2018_v1_0_S00_AXI_inst/slv_reg4[15]_i_1_n_0                                                                     | system_i/BPDecodeIP_V2018_0/inst/BPDecodeIP_V2018_v1_0_S00_AXI_inst/bp_8_4out/SR[0]                                                      |                1 |             16 |
|  system_i/processing_system7_0/inst/FCLK_CLK0 | system_i/BPDecodeIP_V2018_0/inst/BPDecodeIP_V2018_v1_0_S00_AXI_inst/slv_reg5[31]_i_1_n_0                                                                     | system_i/BPDecodeIP_V2018_0/inst/BPDecodeIP_V2018_v1_0_S00_AXI_inst/bp_8_4out/SR[0]                                                      |                2 |             16 |
|  system_i/processing_system7_0/inst/FCLK_CLK0 | system_i/BPDecodeIP_V2018_0/inst/BPDecodeIP_V2018_v1_0_S00_AXI_inst/slv_reg6[15]_i_1_n_0                                                                     | system_i/BPDecodeIP_V2018_0/inst/BPDecodeIP_V2018_v1_0_S00_AXI_inst/bp_8_4out/SR[0]                                                      |                3 |             16 |
|  system_i/processing_system7_0/inst/FCLK_CLK0 | system_i/BPDecodeIP_V2018_0/inst/BPDecodeIP_V2018_v1_0_S00_AXI_inst/slv_reg6[7]_i_1_n_0                                                                      | system_i/BPDecodeIP_V2018_0/inst/BPDecodeIP_V2018_v1_0_S00_AXI_inst/bp_8_4out/SR[0]                                                      |                2 |             16 |
|  system_i/processing_system7_0/inst/FCLK_CLK0 | system_i/BPDecodeIP_V2018_0/inst/BPDecodeIP_V2018_v1_0_S00_AXI_inst/slv_reg6[23]_i_1_n_0                                                                     | system_i/BPDecodeIP_V2018_0/inst/BPDecodeIP_V2018_v1_0_S00_AXI_inst/bp_8_4out/SR[0]                                                      |                2 |             16 |
|  system_i/processing_system7_0/inst/FCLK_CLK0 | system_i/BPDecodeIP_V2018_0/inst/BPDecodeIP_V2018_v1_0_S00_AXI_inst/slv_reg6[31]_i_1_n_0                                                                     | system_i/BPDecodeIP_V2018_0/inst/BPDecodeIP_V2018_v1_0_S00_AXI_inst/bp_8_4out/SR[0]                                                      |                2 |             16 |
|  system_i/processing_system7_0/inst/FCLK_CLK0 | system_i/ps7_0_axi_periph/s00_couplers/auto_pc/inst/gen_axilite.gen_b2s_conv.axilite_b2s/WR.b_channel_0/mhandshake_r                                         | system_i/ps7_0_axi_periph/s00_couplers/auto_pc/inst/gen_axilite.gen_b2s_conv.axilite_b2s/WR.b_channel_0/bid_fifo_0/SR[0]                 |                2 |             16 |
|  system_i/processing_system7_0/inst/FCLK_CLK0 | system_i/BPDecodeIP_V2018_0/inst/BPDecodeIP_V2018_v1_0_S00_AXI_inst/bp_8_4out/cell_enable[2]_i_1_n_0                                                         |                                                                                                                                          |                5 |             20 |
|  system_i/processing_system7_0/inst/FCLK_CLK0 | system_i/ps7_0_axi_periph/s00_couplers/auto_pc/inst/gen_axilite.gen_b2s_conv.axilite_b2s/RD.r_channel_0/r_push_r                                             |                                                                                                                                          |                4 |             26 |
|  system_i/processing_system7_0/inst/FCLK_CLK0 | system_i/ps7_0_axi_periph/s00_couplers/auto_pc/inst/gen_axilite.gen_b2s_conv.axilite_b2s/SI_REG/b.b_pipe/skid_buffer_reg[0]_0                                |                                                                                                                                          |                4 |             28 |
|  system_i/processing_system7_0/inst/FCLK_CLK0 | system_i/ps7_0_axi_periph/s00_couplers/auto_pc/inst/gen_axilite.gen_b2s_conv.axilite_b2s/SI_REG/b.b_pipe/p_1_in                                              |                                                                                                                                          |                2 |             28 |
|  system_i/processing_system7_0/inst/FCLK_CLK0 | system_i/ps7_0_axi_periph/s00_couplers/auto_pc/inst/gen_axilite.gen_b2s_conv.axilite_b2s/RD.ar_channel_0/ar_cmd_fsm_0/E[0]                                   |                                                                                                                                          |                5 |             32 |
|  system_i/processing_system7_0/inst/FCLK_CLK0 | system_i/ps7_0_axi_periph/s00_couplers/auto_pc/inst/gen_axilite.gen_b2s_conv.axilite_b2s/WR.aw_channel_0/aw_cmd_fsm_0/b_push                                 |                                                                                                                                          |                3 |             32 |
|  system_i/processing_system7_0/inst/FCLK_CLK0 | system_i/ps7_0_axi_periph/s00_couplers/auto_pc/inst/gen_axilite.gen_b2s_conv.axilite_b2s/WR.aw_channel_0/aw_cmd_fsm_0/axaddr_wrap_reg[11][0]                 |                                                                                                                                          |                6 |             32 |
|  system_i/processing_system7_0/inst/FCLK_CLK0 | system_i/ps7_0_axi_periph/s00_couplers/auto_pc/inst/gen_axilite.gen_b2s_conv.axilite_b2s/RD.ar_channel_0/ar_cmd_fsm_0/m_payload_i_reg[0]_1[0]                |                                                                                                                                          |                9 |             56 |
|  system_i/processing_system7_0/inst/FCLK_CLK0 | system_i/ps7_0_axi_periph/s00_couplers/auto_pc/inst/gen_axilite.gen_b2s_conv.axilite_b2s/WR.aw_channel_0/aw_cmd_fsm_0/m_payload_i_reg[0][0]                  |                                                                                                                                          |                6 |             56 |
|  system_i/processing_system7_0/inst/FCLK_CLK0 | system_i/ps7_0_axi_periph/s00_couplers/auto_pc/inst/gen_axilite.gen_b2s_conv.axilite_b2s/SI_REG/aw.aw_pipe/s_axi_awready                                     |                                                                                                                                          |                7 |             56 |
|  system_i/processing_system7_0/inst/FCLK_CLK0 | system_i/ps7_0_axi_periph/s00_couplers/auto_pc/inst/gen_axilite.gen_b2s_conv.axilite_b2s/SI_REG/ar.ar_pipe/s_axi_arready                                     |                                                                                                                                          |                8 |             56 |
|  system_i/processing_system7_0/inst/FCLK_CLK0 | system_i/BPDecodeIP_V2018_0/inst/BPDecodeIP_V2018_v1_0_S00_AXI_inst/slv_reg_rden__0                                                                          | system_i/BPDecodeIP_V2018_0/inst/BPDecodeIP_V2018_v1_0_S00_AXI_inst/bp_8_4out/SR[0]                                                      |               13 |             64 |
|  system_i/processing_system7_0/inst/FCLK_CLK0 | system_i/ps7_0_axi_periph/s00_couplers/auto_pc/inst/gen_axilite.gen_b2s_conv.axilite_b2s/RD.r_channel_0/rd_data_fifo_0/wr_en0                                |                                                                                                                                          |                9 |             64 |
|  system_i/processing_system7_0/inst/FCLK_CLK0 | system_i/ps7_0_axi_periph/s00_couplers/auto_pc/inst/gen_axilite.gen_b2s_conv.axilite_b2s/SI_REG/r.r_pipe/skid_buffer_reg[0]_0                                |                                                                                                                                          |                8 |             90 |
|  system_i/processing_system7_0/inst/FCLK_CLK0 | system_i/ps7_0_axi_periph/s00_couplers/auto_pc/inst/gen_axilite.gen_b2s_conv.axilite_b2s/SI_REG/r.r_pipe/p_1_in                                              |                                                                                                                                          |                8 |             90 |
|  system_i/processing_system7_0/inst/FCLK_CLK0 |                                                                                                                                                              | system_i/ps7_0_axi_periph/s00_couplers/auto_pc/inst/gen_axilite.gen_b2s_conv.axilite_b2s/areset_d1                                       |               14 |            120 |
|  system_i/processing_system7_0/inst/FCLK_CLK0 | system_i/BPDecodeIP_V2018_0/inst/BPDecodeIP_V2018_v1_0_S00_AXI_inst/bp_8_4out/inform_L[1][2][7]_i_1_n_0                                                      | system_i/BPDecodeIP_V2018_0/inst/BPDecodeIP_V2018_v1_0_S00_AXI_inst/bp_8_4out/inform_L[3][0][7]_i_1_n_0                                  |               18 |            128 |
|  system_i/processing_system7_0/inst/FCLK_CLK0 | system_i/BPDecodeIP_V2018_0/inst/BPDecodeIP_V2018_v1_0_S00_AXI_inst/bp_8_4out/inform_L[1][3][7]_i_1_n_0                                                      |                                                                                                                                          |               16 |            128 |
|  system_i/processing_system7_0/inst/FCLK_CLK0 | system_i/BPDecodeIP_V2018_0/inst/BPDecodeIP_V2018_v1_0_S00_AXI_inst/bp_8_4out/inform_L[3][0][7]_i_2_n_0                                                      | system_i/BPDecodeIP_V2018_0/inst/BPDecodeIP_V2018_v1_0_S00_AXI_inst/bp_8_4out/inform_L[3][0][7]_i_1_n_0                                  |               16 |            136 |
|  system_i/processing_system7_0/inst/FCLK_CLK0 |                                                                                                                                                              | system_i/BPDecodeIP_V2018_0/inst/BPDecodeIP_V2018_v1_0_S00_AXI_inst/bp_8_4out/w2r_reg_n_0_[2]                                            |               60 |            256 |
|  system_i/processing_system7_0/inst/FCLK_CLK0 | system_i/BPDecodeIP_V2018_0/inst/BPDecodeIP_V2018_v1_0_S00_AXI_inst/bp_8_4out/inform_L                                                                       | system_i/BPDecodeIP_V2018_0/inst/BPDecodeIP_V2018_v1_0_S00_AXI_inst/bp_8_4out/inform_R[1][2][7]_i_1_n_0                                  |               31 |            256 |
|  system_i/processing_system7_0/inst/FCLK_CLK0 |                                                                                                                                                              |                                                                                                                                          |              145 |            878 |
+-----------------------------------------------+--------------------------------------------------------------------------------------------------------------------------------------------------------------+------------------------------------------------------------------------------------------------------------------------------------------+------------------+----------------+


